Traceback (most recent call last):
  File "/home/c-akshit/assn2/spring2024-assignment2-systems/cs336-systems/cs336_systems/naive_ddp.py", line 137, in <module>
Traceback (most recent call last):
  File "/home/c-akshit/assn2/spring2024-assignment2-systems/cs336-systems/cs336_systems/naive_ddp.py", line 137, in <module>
    main()
  File "/home/c-akshit/assn2/spring2024-assignment2-systems/cs336-systems/cs336_systems/naive_ddp.py", line 134, in main
    main()
  File "/home/c-akshit/assn2/spring2024-assignment2-systems/cs336-systems/cs336_systems/naive_ddp.py", line 134, in main
    ddp(args)
  File "/home/c-akshit/assn2/spring2024-assignment2-systems/cs336-systems/cs336_systems/naive_ddp.py", line 117, in ddp
    ddp(args)
  File "/home/c-akshit/assn2/spring2024-assignment2-systems/cs336-systems/cs336_systems/naive_ddp.py", line 117, in ddp
    sharded_input = input[start_index: end_index]
TypeError: slice indices must be integers or None or have an __index__ method
    sharded_input = input[start_index: end_index]
TypeError: slice indices must be integers or None or have an __index__ method
Traceback (most recent call last):
  File "/home/c-akshit/assn2/spring2024-assignment2-systems/cs336-systems/cs336_systems/naive_ddp.py", line 137, in <module>
Traceback (most recent call last):
  File "/home/c-akshit/assn2/spring2024-assignment2-systems/cs336-systems/cs336_systems/naive_ddp.py", line 137, in <module>
    main()
  File "/home/c-akshit/assn2/spring2024-assignment2-systems/cs336-systems/cs336_systems/naive_ddp.py", line 134, in main
    main()
  File "/home/c-akshit/assn2/spring2024-assignment2-systems/cs336-systems/cs336_systems/naive_ddp.py", line 134, in main
    ddp(args)
  File "/home/c-akshit/assn2/spring2024-assignment2-systems/cs336-systems/cs336_systems/naive_ddp.py", line 117, in ddp
    ddp(args)
  File "/home/c-akshit/assn2/spring2024-assignment2-systems/cs336-systems/cs336_systems/naive_ddp.py", line 117, in ddp
    sharded_input = input[start_index: end_index]
TypeError: slice indices must be integers or None or have an __index__ method
    sharded_input = input[start_index: end_index]
TypeError: slice indices must be integers or None or have an __index__ method
srun: error: ad12a3ca-01: task 0: Exited with exit code 1
srun: error: ad12a3ca-01: task 1: Exited with exit code 1
srun: error: ad12a3ca-02: task 2: Exited with exit code 1
srun: error: ad12a3ca-02: task 3: Exited with exit code 1
mv: cannot stat 'distr*out': No such file or directory
mv: cannot stat 'distr*err': No such file or directory
