MASTER_PORT: 11243
MASTER_ADDR: ad12a3ca-01
16
8.0
both done
16
8.0
both done
Parameter containing:
tensor([[-1.0380e+00,  5.6855e-01, -5.1738e-02,  ...,  1.6029e+00,
          1.3642e+00, -7.3645e-01],
        [-1.5399e+00, -7.9926e-01,  8.1147e-01,  ...,  1.5062e+00,
         -8.4440e-01,  1.2184e-01],
        [-1.1900e+00,  8.8061e-01, -7.2825e-01,  ..., -1.5180e+00,
         -2.3109e-02,  1.7581e+00],
        ...,
        [-1.0427e+00,  1.0880e+00,  4.0324e-02,  ...,  1.3595e+00,
          1.3953e+00, -1.2253e+00],
        [ 6.1588e-03,  1.6325e-04, -1.0592e+00,  ...,  1.3809e+00,
         -5.5131e-01, -1.9189e+00],
        [ 1.2756e+00, -3.9460e-01, -8.0104e-01,  ...,  1.1306e+00,
          1.2238e-01,  6.5565e-02]], device='cuda:0', requires_grad=True)
Parameter containing:
tensor([[-1.0361e+00,  5.6310e-01, -5.2204e-02,  ...,  1.6001e+00,
          1.3682e+00, -7.4616e-01],
        [-1.5399e+00, -8.0034e-01,  8.1259e-01,  ...,  1.5069e+00,
         -8.4619e-01,  1.2217e-01],
        [-1.1907e+00,  8.8051e-01, -7.2772e-01,  ..., -1.5168e+00,
         -2.2462e-02,  1.7567e+00],
        ...,
        [-1.0427e+00,  1.0880e+00,  4.0324e-02,  ...,  1.3595e+00,
          1.3953e+00, -1.2253e+00],
        [ 6.1588e-03,  1.6325e-04, -1.0592e+00,  ...,  1.3809e+00,
         -5.5131e-01, -1.9189e+00],
        [ 1.2756e+00, -3.9460e-01, -8.0104e-01,  ...,  1.1306e+00,
          1.2238e-01,  6.5565e-02]], device='cuda:0', requires_grad=True)
assertion_passed
Parameter containing:
tensor([[ 1.3031,  0.2766, -0.0678,  ...,  0.2857,  0.7920, -1.0816],
        [-2.0118,  0.6990,  0.5023,  ..., -0.6232, -0.8504, -0.8180],
        [-2.5903, -0.0301,  0.0283,  ..., -0.3734, -0.0965,  0.1448],
        ...,
        [ 0.3502,  0.8931,  1.1839,  ..., -0.7176,  0.4691, -0.5030],
        [-0.1313, -0.8405, -0.0165,  ..., -0.7173,  1.1356,  0.1086],
        [-0.6293,  1.1058, -0.2488,  ..., -1.1175,  1.2708, -0.8618]],
       device='cuda:0', requires_grad=True)
Parameter containing:
tensor([[ 1.3039,  0.2766, -0.0677,  ...,  0.2858,  0.7919, -1.0818],
        [-2.0109,  0.6980,  0.5024,  ..., -0.6238, -0.8510, -0.8183],
        [-2.5904, -0.0299,  0.0285,  ..., -0.3729, -0.0959,  0.1448],
        ...,
        [ 0.3502,  0.8931,  1.1839,  ..., -0.7176,  0.4691, -0.5030],
        [-0.1313, -0.8405, -0.0165,  ..., -0.7173,  1.1356,  0.1086],
        [-0.6293,  1.1058, -0.2488,  ..., -1.1175,  1.2708, -0.8618]],
       device='cuda:0', requires_grad=True)
assertion_passed
Parameter containing:
tensor([[-0.0144,  0.0253, -0.0060,  ..., -0.0202, -0.0252,  0.0185],
        [-0.0032, -0.0089,  0.0244,  ..., -0.0018, -0.0130, -0.0086],
        [ 0.0154, -0.0042,  0.0285,  ..., -0.0092,  0.0111,  0.0050],
        ...,
        [ 0.0025,  0.0143,  0.0344,  ...,  0.0131,  0.0028, -0.0006],
        [-0.0218,  0.0020, -0.0229,  ..., -0.0171,  0.0363, -0.0269],
        [-0.0324, -0.0223,  0.0343,  ...,  0.0049,  0.0156, -0.0110]],
       device='cuda:0', requires_grad=True)
Parameter containing:
tensor([[-0.0145,  0.0250, -0.0058,  ..., -0.0202, -0.0250,  0.0185],
        [-0.0031, -0.0089,  0.0242,  ..., -0.0018, -0.0129, -0.0086],
        [ 0.0152, -0.0041,  0.0285,  ..., -0.0094,  0.0113,  0.0051],
        ...,
        [ 0.0026,  0.0144,  0.0342,  ...,  0.0133,  0.0027, -0.0007],
        [-0.0218,  0.0022, -0.0228,  ..., -0.0173,  0.0362, -0.0272],
        [-0.0325, -0.0222,  0.0339,  ...,  0.0051,  0.0159, -0.0109]],
       device='cuda:0', requires_grad=True)
assertion_passed
Parameter containing:
tensor([[ 0.0351, -0.0060,  0.0287,  ..., -0.0125,  0.0163,  0.0277],
        [-0.0098,  0.0178,  0.0014,  ...,  0.0092,  0.0217,  0.0021],
        [-0.0292, -0.0339, -0.0279,  ...,  0.0027, -0.0005, -0.0060],
        ...,
        [-0.0202, -0.0018,  0.0003,  ...,  0.0198,  0.0354,  0.0320],
        [ 0.0136,  0.0286, -0.0308,  ...,  0.0014, -0.0050,  0.0265],
        [-0.0066,  0.0207, -0.0298,  ...,  0.0078,  0.0073, -0.0018]],
       device='cuda:0', requires_grad=True)
Parameter containing:
tensor([[ 0.0350, -0.0062,  0.0288,  ..., -0.0123,  0.0166,  0.0277],
        [-0.0098,  0.0176,  0.0016,  ...,  0.0092,  0.0218,  0.0020],
        [-0.0291, -0.0338, -0.0278,  ...,  0.0027, -0.0006, -0.0062],
        ...,
        [-0.0200, -0.0017,  0.0002,  ...,  0.0197,  0.0354,  0.0320],
        [ 0.0136,  0.0287, -0.0304,  ...,  0.0012, -0.0053,  0.0265],
        [-0.0068,  0.0207, -0.0295,  ...,  0.0078,  0.0073, -0.0020]],
       device='cuda:0', requires_grad=True)
assertion_passed
Parameter containing:
tensor([[-0.0275,  0.0358,  0.0027,  ..., -0.0033, -0.0043,  0.0036],
        [-0.0231, -0.0164, -0.0210,  ...,  0.0271, -0.0212, -0.0448],
        [ 0.0284,  0.0256,  0.0267,  ...,  0.0160,  0.0396,  0.0421],
        ...,
        [ 0.0050,  0.0231, -0.0081,  ...,  0.0342,  0.0232,  0.0488],
        [-0.0328, -0.0093, -0.0305,  ...,  0.0092, -0.0254, -0.0073],
        [ 0.0014,  0.0256, -0.0352,  ..., -0.0211,  0.0227,  0.0127]],
       device='cuda:0', requires_grad=True)
Parameter containing:
tensor([[-0.0236,  0.0324,  0.0033,  ..., -0.0013,  0.0004,  0.0068],
        [-0.0219, -0.0174, -0.0205,  ...,  0.0278, -0.0198, -0.0438],
        [ 0.0271,  0.0265,  0.0265,  ...,  0.0151,  0.0380,  0.0425],
        ...,
        [ 0.0038,  0.0240, -0.0091,  ...,  0.0337,  0.0216,  0.0487],
        [-0.0319, -0.0097, -0.0286,  ...,  0.0098, -0.0254, -0.0061],
        [ 0.0001,  0.0272, -0.0370,  ..., -0.0222,  0.0202,  0.0089]],
       device='cuda:0', requires_grad=True)
assertion_passed
Parameter containing:
tensor([[-0.0016,  0.0008, -0.0024,  ...,  0.0133,  0.0154, -0.0463],
        [-0.0267,  0.0257, -0.0072,  ..., -0.0237,  0.0131,  0.0384],
        [-0.0258,  0.0046, -0.0002,  ...,  0.0315, -0.0230,  0.0081],
        ...,
        [-0.0164, -0.0168, -0.0283,  ..., -0.0160, -0.0362,  0.0234],
        [ 0.0092,  0.0395,  0.0379,  ..., -0.0170,  0.0104,  0.0288],
        [ 0.0371, -0.0287, -0.0324,  ..., -0.0283, -0.0060,  0.0011]],
       device='cuda:0', requires_grad=True)
Parameter containing:
tensor([[-0.0017, -0.0045,  0.0028,  ...,  0.0132,  0.0167, -0.0474],
        [-0.0267,  0.0299, -0.0106,  ..., -0.0242,  0.0116,  0.0396],
        [-0.0265,  0.0048, -0.0004,  ...,  0.0307, -0.0229,  0.0086],
        ...,
        [-0.0169, -0.0153, -0.0275,  ..., -0.0137, -0.0357,  0.0243],
        [ 0.0096,  0.0417,  0.0360,  ..., -0.0161,  0.0107,  0.0292],
        [ 0.0373, -0.0318, -0.0294,  ..., -0.0273, -0.0051,  0.0008]],
       device='cuda:0', requires_grad=True)
assertion_passed
Parameter containing:
tensor([0.9997, 1.0006, 0.9998, 1.0001, 1.0011, 1.0007, 1.0009, 1.0000, 1.0027,
        0.9976, 0.9899, 0.9995, 0.9971, 0.9997, 0.9979, 0.9999, 1.0091, 0.9987,
        1.0003, 1.0005, 0.9978, 1.0063, 1.0032, 1.0013, 1.0040, 0.9981, 0.9987,
        1.0019, 1.0004, 0.9945, 0.9921, 0.9956, 0.9960, 0.9939, 0.9984, 0.9895,
        0.9981, 1.0011, 0.9965, 0.9983, 1.0005, 1.0025, 1.0011, 1.0012, 1.0068,
        0.9959, 1.0020, 1.0001, 1.0000, 0.9989, 0.9978, 1.0003, 0.9983, 1.0049,
        0.9952, 0.9995, 0.9991, 0.9935, 1.0002, 1.0071, 1.0010, 1.0009, 0.9981,
        0.9925, 0.9988, 0.9956, 1.0002, 1.0061, 1.0004, 1.0034, 0.9985, 1.0002,
        1.0021, 1.0004, 1.0072, 1.0011, 1.0025, 1.0005, 1.0033, 1.0071, 1.0010,
        0.9944, 0.9994, 0.9963, 1.0085, 0.9984, 1.0011, 1.0065, 0.9968, 0.9973,
        1.0016, 0.9959, 1.0004, 0.9976, 1.0060, 0.9984, 1.0011, 1.0101, 0.9903,
        0.9986, 1.0088, 0.9978, 1.0062, 1.0010, 1.0018, 1.0023, 0.9994, 0.9959,
        1.0041, 0.9987, 0.9994, 0.9985, 1.0010, 0.9896, 1.0053, 1.0019, 0.9992,
        1.0047, 0.9863, 1.0054, 1.0032, 0.9987, 1.0002, 0.9909, 0.9937, 0.9982,
        0.9996, 1.0079, 0.9926, 0.9996, 0.9989, 0.9991, 0.9947, 1.0017, 1.0006,
        1.0003, 1.0010, 0.9873, 1.0008, 1.0008, 1.0013, 0.9888, 0.9965, 1.0033,
        1.0006, 0.9990, 1.0013, 0.9977, 1.0064, 1.0001, 1.0072, 1.0026, 0.9999,
        1.0084, 1.0027, 1.0004, 1.0030, 1.0017, 0.9998, 1.0014, 1.0005, 0.9987,
        0.9988, 1.0014, 1.0009, 0.9953, 1.0023, 0.9989, 1.0015, 0.9964, 1.0004,
        1.0068, 1.0024, 0.9949, 0.9985, 1.0040, 0.9984, 1.0044, 1.0048, 1.0073,
        1.0008, 1.0000, 1.0014, 0.9995, 0.9979, 1.0087, 1.0025, 0.9927, 1.0005,
        0.9996, 1.0000, 0.9941, 0.9995, 1.0041, 0.9968, 0.9983, 1.0087, 1.0036,
        1.0008, 1.0050, 1.0002, 1.0039, 0.9962, 1.0004, 1.0022, 1.0041, 1.0002,
        1.0007, 0.9941, 0.9977, 1.0009, 1.0004, 0.9961, 0.9972, 0.9949, 1.0005,
        0.9943, 0.9985, 0.9990, 0.9965, 0.9998, 1.0006, 1.0004, 1.0017, 1.0020,
        1.0009, 1.0015, 0.9937, 1.0035, 0.9999, 0.9834, 1.0045, 1.0008, 0.9990,
        1.0069, 1.0017, 1.0034, 0.9994, 1.0013, 0.9992, 0.9997, 0.9975, 1.0000,
        1.0081, 0.9975, 1.0009, 0.9991, 1.0007, 1.0015, 0.9962, 1.0001, 1.0031,
        1.0007, 1.0003, 1.0039, 1.0062, 0.9967, 1.0044, 0.9976, 1.0018, 0.9999,
        0.9969, 0.9998, 0.9984, 1.0046, 1.0080, 0.9884, 1.0021, 1.0094, 1.0115,
        0.9990, 0.9990, 1.0025, 1.0018, 0.9924, 1.0007, 1.0020, 1.0154, 0.9936,
        1.0002, 1.0173, 0.9983, 1.0025, 0.9980, 1.0003, 1.0017, 0.9965, 0.9912,
        1.0066, 1.0006, 1.0049, 0.9858, 0.9962, 1.0020, 1.0049, 1.0008, 0.9989,
        1.0019, 0.9992, 1.0121, 0.9998, 1.0001, 0.9990, 1.0013, 0.9988, 0.9935,
        0.9982, 1.0009, 1.0004, 0.9967, 0.9876, 0.9983, 1.0018, 1.0055, 0.9958,
        0.9934, 0.9944, 1.0039, 0.9984, 0.9964, 1.0033, 1.0007, 1.0038, 1.0018,
        0.9982, 1.0044, 1.0004, 1.0002, 0.9994, 0.9998, 1.0018, 1.0006, 0.9979,
        1.0015, 1.0000, 0.9991, 0.9992, 1.0013, 0.9978, 1.0044, 0.9950, 1.0008,
        1.0009, 0.9999, 1.0003, 0.9967, 1.0005, 0.9999, 1.0039, 0.9984, 1.0066,
        1.0115, 0.9960, 0.9996, 0.9956, 0.9984, 0.9959, 0.9994, 0.9999, 1.0015,
        1.0062, 1.0014, 1.0011, 0.9955, 0.9898, 1.0015, 1.0215, 1.0043, 0.9969,
        0.9998, 0.9983, 0.9996, 0.9997, 0.9994, 1.0037, 0.9906, 0.9978, 1.0020,
        0.9955, 1.0042, 0.9925, 1.0002, 1.0001, 0.9945, 1.0047, 0.9965, 0.9948,
        1.0008, 0.9943, 0.9981, 1.0013, 0.9974, 0.9994, 1.0119, 1.0001, 1.0000,
        1.0018, 1.0015, 1.0014, 0.9992, 1.0016, 1.0049, 0.9985, 1.0002, 0.9965,
        0.9997, 0.9923, 0.9856, 1.0003, 1.0016, 0.9982, 0.9974, 0.9977, 1.0025,
        0.9949, 0.9988, 0.9994, 1.0044, 1.0028, 1.0008, 1.0019, 1.0012, 0.9983,
        0.9996, 1.0022, 1.0013, 1.0015, 1.0004, 0.9929, 0.9993, 0.9972, 1.0151,
        1.0007, 1.0008, 0.9943, 1.0034, 1.0095, 0.9988, 0.9986, 1.0003, 1.0000,
        0.9933, 1.0053, 0.9980, 1.0016, 1.0004, 0.9960, 1.0021, 0.9987, 0.9897,
        0.9952, 1.0029, 1.0012, 1.0043, 0.9903, 0.9951, 0.9946, 1.0056, 0.9949,
        0.9999, 1.0169, 1.0111, 1.0023, 1.0001, 1.0017, 0.9986, 0.9977, 1.0007,
        0.9991, 0.9954, 0.9996, 1.0052, 0.9989, 0.9990, 1.0032, 0.9959, 1.0014,
        1.0022, 0.9901, 0.9999, 0.9993, 1.0008, 0.9996, 0.9998, 1.0007, 0.9970,
        0.9961, 1.0054, 1.0040, 0.9980, 1.0016, 1.0013, 1.0048, 1.0006, 1.0010,
        1.0009, 1.0040, 0.9993, 1.0032, 0.9946, 1.0004, 0.9911, 0.9934, 1.0037,
        1.0066, 1.0031, 1.0049, 0.9986, 1.0034, 1.0007, 0.9991, 1.0043, 0.9974,
        0.9946, 0.9997, 1.0016, 1.0033, 0.9970, 0.9881, 1.0001, 0.9951, 0.9997,
        0.9993, 1.0021, 0.9988, 0.9974, 0.9941, 0.9912, 1.0003, 0.9994, 0.9997,
        0.9956, 1.0000, 1.0002, 1.0008, 0.9996, 0.9980, 1.0004, 0.9985, 1.0012,
        0.9893, 0.9910, 0.9964, 0.9943, 0.9827, 1.0012, 0.9993, 1.0006, 0.9963,
        1.0009, 0.9994, 1.0024, 0.9997, 1.0139, 0.9997, 0.9974, 0.9972, 0.9975,
        0.9996, 1.0038, 0.9975, 0.9970, 1.0037, 0.9990, 0.9978, 0.9963, 1.0019,
        1.0022, 0.9985, 0.9999, 0.9962, 0.9961, 1.0000, 0.9984, 1.0042, 1.0088,
        0.9883, 1.0055, 0.9989, 0.9975, 1.0035, 1.0019, 1.0110, 1.0062, 0.9974,
        0.9987, 0.9987, 0.9976, 0.9970, 0.9984, 1.0012, 1.0033, 1.0106, 1.0006,
        1.0006, 0.9979, 0.9988, 1.0009, 1.0056, 1.0030, 0.9992, 0.9960, 1.0030,
        0.9985, 1.0000, 0.9966, 0.9912, 0.9969, 1.0005, 0.9976, 1.0033, 1.0061,
        0.9987, 1.0117, 0.9950, 1.0044, 1.0012, 1.0001, 1.0041, 1.0003, 0.9877,
        1.0005, 1.0014, 1.0026, 1.0105, 1.0117, 0.9992, 1.0073, 1.0036, 1.0006,
        0.9996, 1.0028, 0.9980, 0.9965, 0.9984, 1.0077, 1.0000, 1.0023, 0.9957,
        1.0024, 0.9983, 0.9902, 0.9925, 1.0061, 0.9938, 0.9903, 0.9997, 1.0001,
        1.0018, 1.0010, 1.0066, 0.9989, 1.0006, 0.9976, 0.9986, 1.0014, 1.0006,
        1.0090, 0.9964, 1.0041, 1.0071, 0.9981, 0.9961, 1.0021, 1.0031, 1.0011,
        1.0018, 0.9960, 0.9983, 0.9973, 0.9948, 0.9975, 1.0046, 0.9999, 0.9908,
        0.9986, 0.9995, 0.9987, 0.9931, 1.0010, 1.0092, 0.9905, 1.0012, 1.0005,
        1.0003, 1.0018, 1.0036, 0.9975, 0.9971, 0.9991, 0.9993, 0.9980, 0.9997,
        1.0015, 1.0101, 1.0012, 0.9997, 0.9996, 1.0028, 1.0010, 0.9987, 1.0004,
        1.0032, 1.0003, 0.9994, 1.0006, 1.0049, 0.9998, 0.9968, 1.0048, 1.0074,
        1.0016, 0.9964, 0.9961, 1.0038, 1.0022, 0.9984, 0.9935, 0.9964, 1.0010,
        1.0001, 0.9939, 0.9984, 1.0021, 0.9996, 0.9995, 0.9986, 1.0009, 1.0005,
        1.0026, 1.0000, 1.0014, 0.9904, 1.0029, 1.0013, 0.9993, 1.0012, 1.0000,
        1.0001, 1.0011, 0.9976, 0.9892, 1.0039, 1.0035, 1.0015, 1.0065, 0.9944,
        0.9996, 1.0007, 0.9954, 1.0000, 0.9991, 0.9995, 0.9925, 0.9981, 0.9984,
        1.0009, 1.0021, 0.9973, 0.9991, 1.0037, 0.9989, 1.0039, 0.9994, 1.0012,
        0.9989, 1.0001, 0.9930], device='cuda:0', requires_grad=True)
Parameter containing:
tensor([0.9997, 1.0009, 0.9987, 0.9995, 1.0010, 1.0006, 1.0010, 1.0001, 1.0025,
        0.9977, 0.9931, 0.9991, 0.9992, 0.9991, 0.9985, 1.0021, 1.0083, 0.9985,
        0.9997, 1.0010, 0.9984, 1.0066, 1.0027, 1.0008, 1.0048, 0.9991, 0.9998,
        1.0017, 1.0002, 0.9950, 0.9913, 0.9958, 0.9954, 0.9945, 0.9982, 0.9907,
        0.9975, 1.0007, 0.9963, 0.9981, 0.9994, 1.0040, 1.0013, 1.0012, 1.0054,
        0.9953, 1.0019, 1.0000, 1.0004, 0.9998, 0.9978, 1.0000, 0.9984, 1.0034,
        0.9969, 1.0002, 0.9976, 0.9926, 1.0009, 1.0088, 1.0000, 1.0010, 0.9978,
        0.9932, 0.9986, 0.9969, 0.9997, 1.0063, 1.0008, 1.0031, 0.9982, 1.0005,
        1.0009, 1.0001, 1.0070, 1.0005, 1.0004, 1.0003, 1.0031, 1.0095, 1.0009,
        0.9946, 0.9991, 0.9976, 1.0072, 0.9988, 1.0015, 1.0071, 0.9962, 0.9976,
        1.0006, 0.9961, 1.0001, 0.9991, 1.0041, 0.9985, 0.9961, 1.0099, 0.9904,
        0.9976, 1.0100, 0.9984, 1.0057, 1.0005, 1.0012, 1.0019, 0.9992, 0.9972,
        1.0044, 0.9988, 0.9997, 0.9989, 1.0010, 0.9883, 1.0057, 1.0017, 0.9980,
        1.0039, 0.9868, 1.0059, 1.0017, 0.9985, 1.0009, 0.9967, 0.9922, 0.9976,
        0.9999, 1.0064, 0.9944, 0.9997, 0.9992, 0.9989, 0.9941, 1.0013, 1.0000,
        1.0003, 1.0008, 0.9919, 1.0010, 1.0010, 1.0008, 0.9873, 0.9968, 1.0029,
        0.9994, 0.9985, 1.0002, 0.9999, 1.0071, 0.9997, 1.0037, 1.0032, 0.9995,
        1.0079, 1.0029, 1.0042, 1.0001, 0.9997, 1.0009, 1.0018, 1.0013, 0.9971,
        0.9989, 1.0013, 1.0004, 0.9971, 1.0021, 1.0016, 1.0011, 0.9976, 1.0012,
        1.0059, 1.0030, 0.9941, 0.9987, 1.0043, 0.9984, 1.0050, 1.0052, 1.0118,
        1.0002, 0.9995, 1.0024, 0.9990, 0.9957, 1.0069, 1.0005, 0.9940, 1.0002,
        0.9999, 1.0036, 0.9937, 0.9997, 1.0031, 0.9986, 0.9976, 1.0079, 1.0062,
        0.9984, 1.0045, 1.0002, 1.0034, 0.9982, 1.0002, 1.0024, 1.0032, 0.9984,
        1.0004, 0.9947, 0.9983, 1.0006, 1.0008, 0.9958, 0.9975, 0.9949, 1.0026,
        0.9959, 0.9986, 1.0000, 0.9957, 0.9993, 1.0008, 0.9997, 1.0019, 1.0025,
        1.0011, 1.0019, 0.9931, 1.0016, 0.9999, 0.9831, 1.0041, 1.0021, 0.9988,
        1.0087, 1.0016, 1.0030, 0.9988, 1.0003, 0.9995, 0.9995, 0.9960, 0.9996,
        1.0050, 0.9985, 1.0004, 0.9936, 1.0002, 1.0013, 0.9958, 1.0026, 1.0026,
        1.0003, 1.0006, 1.0028, 1.0048, 0.9994, 1.0038, 0.9984, 1.0036, 0.9998,
        0.9989, 1.0001, 1.0001, 1.0027, 1.0079, 0.9903, 1.0021, 1.0088, 1.0076,
        0.9991, 0.9992, 1.0024, 1.0024, 0.9936, 1.0007, 1.0012, 1.0158, 0.9944,
        0.9996, 1.0105, 0.9986, 1.0019, 0.9982, 1.0002, 1.0014, 0.9968, 0.9923,
        1.0069, 1.0013, 1.0040, 0.9867, 0.9955, 1.0011, 1.0034, 1.0001, 0.9980,
        1.0020, 0.9996, 1.0132, 1.0001, 0.9996, 0.9992, 1.0018, 0.9980, 0.9946,
        0.9973, 1.0036, 1.0003, 0.9972, 0.9860, 0.9978, 1.0016, 1.0055, 0.9952,
        0.9942, 0.9942, 1.0028, 0.9984, 0.9946, 1.0040, 1.0003, 1.0021, 1.0015,
        0.9989, 1.0046, 1.0008, 1.0007, 0.9995, 1.0000, 1.0022, 1.0014, 0.9973,
        1.0011, 0.9999, 0.9964, 0.9992, 1.0016, 0.9990, 1.0042, 0.9970, 1.0007,
        1.0009, 1.0004, 1.0005, 0.9964, 0.9996, 1.0000, 1.0049, 0.9992, 1.0046,
        1.0100, 0.9949, 1.0016, 0.9954, 0.9984, 0.9950, 0.9989, 0.9999, 1.0040,
        1.0040, 1.0008, 1.0007, 0.9953, 0.9887, 1.0015, 1.0192, 1.0022, 0.9978,
        0.9989, 0.9989, 0.9994, 0.9996, 1.0035, 1.0032, 0.9905, 0.9971, 1.0006,
        0.9973, 1.0024, 0.9919, 1.0000, 1.0002, 0.9955, 1.0029, 0.9969, 0.9970,
        0.9998, 0.9905, 0.9969, 1.0016, 0.9961, 0.9997, 1.0104, 1.0000, 1.0003,
        1.0039, 1.0014, 1.0009, 0.9992, 1.0013, 1.0034, 0.9985, 0.9999, 0.9958,
        0.9994, 0.9936, 0.9860, 0.9998, 1.0007, 0.9972, 0.9968, 0.9976, 1.0028,
        0.9958, 0.9978, 0.9997, 1.0051, 1.0027, 1.0014, 1.0027, 1.0014, 0.9990,
        0.9998, 1.0019, 1.0023, 1.0018, 1.0005, 0.9930, 0.9995, 1.0014, 1.0151,
        1.0008, 1.0005, 0.9943, 1.0023, 1.0065, 0.9997, 0.9998, 1.0005, 0.9997,
        0.9934, 1.0050, 0.9979, 1.0010, 1.0000, 0.9951, 1.0018, 0.9986, 0.9932,
        0.9948, 1.0026, 1.0004, 1.0041, 0.9904, 0.9950, 0.9954, 1.0059, 0.9950,
        0.9999, 1.0167, 1.0104, 1.0017, 0.9996, 1.0026, 0.9993, 0.9973, 1.0009,
        0.9991, 0.9949, 0.9997, 1.0049, 0.9991, 0.9980, 1.0032, 1.0020, 1.0009,
        1.0019, 0.9902, 0.9993, 0.9987, 0.9999, 0.9999, 0.9984, 1.0005, 0.9953,
        0.9961, 1.0044, 1.0035, 0.9980, 1.0011, 1.0015, 1.0033, 0.9998, 0.9998,
        1.0022, 1.0005, 0.9999, 1.0034, 0.9956, 1.0002, 0.9925, 0.9940, 1.0038,
        1.0099, 1.0022, 1.0030, 0.9997, 1.0037, 1.0009, 0.9969, 1.0034, 0.9985,
        0.9920, 1.0000, 1.0009, 1.0048, 0.9968, 0.9862, 0.9995, 0.9964, 0.9995,
        0.9992, 1.0021, 0.9989, 0.9971, 0.9951, 0.9936, 1.0000, 0.9994, 0.9997,
        0.9963, 1.0000, 1.0010, 1.0002, 0.9994, 0.9979, 1.0025, 0.9989, 1.0011,
        0.9918, 0.9914, 0.9961, 0.9939, 0.9860, 1.0016, 0.9999, 0.9998, 0.9965,
        1.0007, 0.9985, 1.0020, 1.0000, 1.0127, 0.9988, 0.9977, 0.9988, 0.9964,
        0.9989, 1.0033, 0.9965, 0.9972, 1.0032, 0.9997, 0.9973, 0.9966, 1.0019,
        1.0007, 0.9985, 1.0015, 0.9981, 0.9965, 0.9988, 0.9984, 1.0035, 1.0088,
        0.9864, 1.0067, 0.9983, 0.9965, 1.0031, 1.0014, 1.0078, 1.0063, 0.9979,
        0.9987, 0.9977, 0.9966, 0.9965, 0.9984, 1.0007, 1.0035, 1.0085, 1.0011,
        1.0003, 0.9977, 0.9984, 1.0007, 1.0064, 1.0027, 0.9992, 0.9965, 1.0021,
        0.9969, 0.9990, 0.9969, 0.9914, 0.9964, 0.9999, 0.9984, 1.0024, 1.0040,
        0.9995, 1.0113, 0.9969, 1.0032, 0.9991, 0.9998, 1.0041, 1.0009, 0.9863,
        0.9995, 1.0025, 1.0025, 1.0109, 1.0135, 0.9998, 1.0051, 1.0036, 1.0012,
        0.9993, 1.0014, 0.9979, 0.9970, 0.9981, 1.0060, 0.9993, 1.0022, 0.9957,
        1.0032, 0.9977, 0.9928, 0.9943, 1.0067, 0.9957, 0.9919, 0.9998, 0.9999,
        1.0027, 1.0008, 1.0036, 0.9992, 1.0010, 0.9983, 0.9987, 1.0020, 1.0007,
        1.0075, 0.9989, 1.0036, 1.0053, 0.9981, 0.9968, 1.0017, 1.0026, 1.0009,
        1.0017, 0.9961, 0.9987, 0.9970, 0.9950, 0.9979, 1.0048, 1.0008, 0.9920,
        0.9987, 0.9990, 0.9991, 0.9918, 0.9995, 1.0091, 0.9910, 1.0009, 1.0004,
        0.9996, 1.0028, 1.0049, 0.9985, 0.9978, 0.9994, 0.9995, 0.9981, 0.9995,
        1.0014, 1.0117, 1.0011, 0.9999, 0.9999, 1.0022, 1.0000, 0.9987, 1.0002,
        1.0002, 1.0003, 0.9990, 1.0016, 1.0054, 0.9999, 0.9960, 1.0033, 1.0075,
        1.0019, 0.9960, 0.9947, 1.0053, 1.0039, 0.9985, 0.9957, 0.9956, 1.0008,
        1.0004, 0.9923, 1.0020, 1.0016, 0.9994, 1.0002, 0.9980, 1.0010, 1.0028,
        1.0038, 1.0009, 1.0014, 0.9922, 1.0035, 1.0009, 0.9968, 1.0024, 1.0016,
        1.0000, 1.0022, 0.9973, 0.9900, 1.0018, 1.0046, 1.0011, 1.0071, 0.9921,
        0.9996, 1.0010, 0.9952, 0.9991, 0.9991, 0.9992, 0.9936, 0.9986, 0.9975,
        1.0006, 1.0054, 0.9985, 0.9987, 1.0038, 0.9986, 1.0037, 0.9993, 1.0012,
        0.9985, 0.9999, 0.9932], device='cuda:0', requires_grad=True)
assertion_passed
Parameter containing:
tensor([[-0.0266, -0.0015, -0.0244,  ..., -0.0076,  0.0127, -0.0039],
        [-0.0305,  0.0187, -0.0208,  ...,  0.0150,  0.0201, -0.0090],
        [ 0.0255,  0.0350,  0.0027,  ...,  0.0034, -0.0220,  0.0308],
        ...,
        [-0.0091, -0.0252,  0.0280,  ..., -0.0043, -0.0011, -0.0367],
        [-0.0265, -0.0206,  0.0257,  ..., -0.0351,  0.0216,  0.0373],
        [-0.0118,  0.0175,  0.0266,  ...,  0.0159, -0.0072,  0.0192]],
       device='cuda:0', requires_grad=True)
Parameter containing:
tensor([[-2.5880e-02, -2.1364e-03, -2.4726e-02,  ..., -7.6672e-03,
          1.1970e-02, -4.3606e-03],
        [-3.0980e-02,  1.9155e-02, -2.0052e-02,  ...,  1.5020e-02,
          1.9450e-02, -8.0957e-03],
        [ 2.4703e-02,  3.5078e-02,  2.5379e-03,  ...,  2.6034e-03,
         -2.2678e-02,  3.1201e-02],
        ...,
        [-8.0173e-03, -2.5301e-02,  2.7580e-02,  ..., -4.8611e-03,
         -7.3323e-05, -3.8408e-02],
        [-2.7984e-02, -1.9583e-02,  2.6313e-02,  ..., -3.5776e-02,
          2.0511e-02,  3.9378e-02],
        [-1.3216e-02,  1.6793e-02,  2.5916e-02,  ...,  1.7293e-02,
         -9.2924e-03,  2.1565e-02]], device='cuda:0', requires_grad=True)
assertion_passed
Parameter containing:
tensor([[-0.0056, -0.0160, -0.0165,  ...,  0.0008, -0.0271, -0.0023],
        [-0.0025,  0.0127,  0.0068,  ...,  0.0119,  0.0152,  0.0040],
        [ 0.0163,  0.0019,  0.0038,  ..., -0.0097, -0.0025, -0.0161],
        ...,
        [ 0.0008, -0.0019,  0.0192,  ...,  0.0046,  0.0017,  0.0201],
        [ 0.0244,  0.0140,  0.0258,  ..., -0.0041,  0.0002,  0.0069],
        [-0.0007, -0.0003, -0.0205,  ...,  0.0072,  0.0059,  0.0103]],
       device='cuda:0', requires_grad=True)
Parameter containing:
tensor([[-0.0085, -0.0195, -0.0176,  ...,  0.0011, -0.0315, -0.0013],
        [ 0.0006,  0.0159,  0.0081,  ...,  0.0114,  0.0175,  0.0035],
        [ 0.0156,  0.0020,  0.0051,  ..., -0.0091, -0.0023, -0.0155],
        ...,
        [ 0.0030,  0.0002,  0.0184,  ...,  0.0043,  0.0048,  0.0187],
        [ 0.0275,  0.0152,  0.0262,  ..., -0.0052,  0.0031,  0.0049],
        [-0.0022, -0.0025, -0.0204,  ...,  0.0070,  0.0047,  0.0105]],
       device='cuda:0', requires_grad=True)
assertion_passed
Parameter containing:
tensor([1.0026, 1.0000, 1.0022, 1.0000, 1.0031, 1.0013, 1.0002, 1.0032, 0.9997,
        0.9999, 1.0041, 1.0003, 0.9984, 0.9998, 1.0024, 0.9984, 0.9997, 1.0027,
        1.0020, 1.0003, 1.0048, 1.0033, 1.0087, 1.0003, 1.0009, 1.0054, 1.0032,
        1.0000, 1.0007, 1.0002, 1.0009, 1.0039, 1.0023, 1.0020, 1.0004, 1.0002,
        1.0020, 1.0007, 1.0015, 0.9998, 1.0021, 1.0029, 0.9995, 0.9998, 1.0039,
        1.0017, 0.9987, 0.9977, 1.0013, 1.0002, 1.0037, 1.0008, 1.0020, 0.9999,
        0.9993, 0.9998, 1.0010, 0.9999, 0.9997, 0.9988, 1.0009, 1.0013, 1.0005,
        0.9936, 1.0047, 1.0006, 1.0002, 1.0032, 1.0008, 1.0001, 1.0004, 0.9980,
        1.0004, 1.0013, 1.0033, 1.0001, 1.0007, 1.0017, 0.9997, 0.9960, 1.0011,
        1.0074, 0.9988, 1.0016, 1.0017, 0.9991, 1.0039, 1.0010, 1.0022, 1.0029,
        1.0014, 1.0040, 0.9981, 1.0004, 1.0004, 1.0021, 1.0025, 1.0010, 1.0033,
        0.9995, 0.9993, 0.9942, 0.9995, 1.0033, 0.9982, 1.0062, 1.0007, 0.9997,
        1.0011, 0.9990, 1.0003, 0.9998, 1.0006, 1.0005, 1.0024, 1.0002, 1.0032,
        1.0013, 1.0027, 1.0017, 1.0032, 1.0011, 1.0013, 1.0004, 1.0007, 1.0036,
        1.0005, 1.0041, 0.9979, 1.0004, 0.9996, 0.9982, 1.0066, 0.9953, 1.0003,
        0.9999, 1.0016, 0.9999, 0.9994, 1.0031, 1.0028, 1.0021, 1.0010, 0.9982,
        1.0023, 0.9958, 1.0001, 1.0017, 1.0001, 0.9991, 1.0002, 0.9979, 1.0003,
        1.0027, 1.0015, 1.0005, 1.0005, 1.0006, 1.0048, 0.9991, 0.9998, 0.9990,
        1.0012, 1.0089, 1.0015, 0.9999, 1.0018, 1.0018, 1.0007, 0.9993, 1.0017,
        1.0026, 1.0002, 0.9994, 1.0044, 0.9996, 0.9993, 0.9985, 0.9968, 0.9959,
        1.0015, 1.0001, 0.9978, 0.9989, 1.0043, 0.9982, 0.9986, 1.0027, 0.9996,
        1.0002, 1.0008, 1.0018, 1.0053, 0.9981, 1.0011, 1.0006, 0.9965, 0.9999,
        1.0011, 1.0005, 0.9991, 1.0021, 1.0023, 0.9978, 1.0007, 1.0009, 1.0001,
        1.0009, 0.9998, 1.0009, 0.9999, 0.9992, 0.9992, 0.9992, 1.0038, 1.0003,
        1.0007, 1.0034, 1.0000, 0.9977, 1.0004, 0.9989, 1.0064, 1.0003, 1.0019,
        0.9988, 1.0023, 0.9975, 0.9996, 1.0052, 0.9991, 1.0028, 1.0015, 1.0012,
        0.9984, 1.0039, 1.0027, 1.0028, 1.0021, 1.0035, 1.0013, 1.0000, 1.0008,
        0.9984, 0.9983, 0.9997, 1.0008, 1.0023, 1.0033, 1.0003, 0.9991, 1.0004,
        1.0001, 0.9990, 1.0010, 1.0005, 1.0001, 1.0010, 0.9995, 0.9996, 0.9997,
        1.0032, 1.0050, 0.9999, 0.9999, 1.0007, 0.9974, 0.9964, 0.9939, 1.0023,
        1.0009, 1.0029, 0.9976, 1.0015, 1.0022, 1.0017, 1.0005, 1.0031, 1.0074,
        1.0019, 1.0014, 1.0023, 1.0007, 0.9972, 1.0034, 1.0015, 0.9992, 1.0003,
        1.0058, 0.9997, 0.9948, 0.9989, 1.0003, 1.0004, 0.9996, 1.0049, 1.0034,
        1.0004, 1.0017, 0.9978, 1.0028, 1.0024, 1.0006, 1.0006, 0.9995, 1.0060,
        0.9996, 1.0020, 1.0011, 1.0008, 0.9989, 1.0006, 1.0003, 1.0011, 1.0028,
        0.9992, 1.0001, 0.9982, 1.0027, 1.0025, 1.0070, 0.9999, 1.0003, 1.0017,
        1.0013, 1.0000, 1.0020, 1.0012, 1.0007, 1.0012, 1.0006, 1.0010, 1.0034,
        1.0014, 1.0015, 1.0004, 0.9993, 0.9996, 1.0003, 0.9992, 0.9982, 1.0035,
        0.9991, 1.0019, 1.0010, 1.0034, 1.0031, 1.0014, 1.0024, 1.0035, 1.0041,
        1.0016, 0.9996, 1.0040, 1.0028, 0.9999, 1.0000, 0.9985, 1.0022, 1.0046,
        0.9984, 1.0027, 1.0033, 0.9990, 1.0001, 1.0024, 0.9994, 0.9998, 1.0014,
        1.0009, 0.9995, 1.0032, 1.0010, 1.0022, 1.0007, 1.0083, 0.9999, 1.0012,
        0.9995, 1.0027, 0.9996, 0.9999, 0.9999, 0.9990, 1.0018, 0.9980, 0.9984,
        0.9979, 1.0012, 1.0023, 1.0034, 1.0001, 1.0014, 1.0027, 1.0027, 1.0039,
        0.9985, 1.0023, 1.0009, 1.0008, 1.0022, 1.0023, 1.0009, 1.0018, 1.0001,
        0.9985, 1.0013, 1.0035, 0.9995, 1.0033, 0.9980, 1.0004, 1.0013, 1.0016,
        1.0020, 1.0021, 1.0013, 1.0023, 0.9997, 0.9996, 1.0043, 0.9972, 1.0003,
        1.0021, 1.0041, 1.0001, 0.9989, 1.0005, 0.9937, 1.0058, 1.0015, 0.9961,
        0.9998, 1.0054, 1.0030, 0.9949, 1.0021, 1.0014, 0.9988, 1.0023, 1.0016,
        1.0021, 1.0011, 0.9964, 0.9976, 1.0017, 1.0000, 1.0037, 0.9991, 1.0056,
        1.0012, 1.0028, 1.0023, 0.9995, 0.9993, 1.0024, 1.0045, 1.0005, 1.0013,
        1.0013, 1.0015, 0.9993, 1.0009, 1.0035, 0.9977, 1.0016, 1.0024, 1.0014,
        1.0013, 1.0000, 1.0032, 1.0023, 1.0012, 1.0004, 1.0003, 0.9981, 0.9990,
        1.0016, 1.0086, 1.0007, 1.0020, 1.0041, 1.0002, 0.9988, 0.9996, 1.0037,
        1.0011, 0.9996, 1.0012, 1.0022, 1.0018, 0.9991, 1.0023, 1.0008, 1.0029,
        0.9996, 1.0024, 0.9991, 1.0002, 1.0002, 1.0012, 1.0003, 1.0009, 1.0057,
        0.9993, 1.0003, 1.0004, 1.0016, 0.9998, 1.0015, 1.0024, 0.9996, 1.0027,
        1.0032, 0.9967, 0.9968, 0.9983, 0.9968, 0.9935, 1.0004, 1.0021, 1.0011,
        1.0000, 1.0005, 1.0028, 1.0018, 0.9983, 1.0072, 1.0000, 0.9983, 0.9991,
        1.0047, 1.0010, 0.9985, 1.0017, 1.0007, 0.9939, 1.0003, 1.0044, 0.9991,
        1.0007, 1.0053, 0.9988, 1.0062, 1.0017, 1.0000, 0.9984, 1.0019, 0.9978,
        0.9993, 1.0020, 0.9964, 0.9993, 1.0015, 0.9995, 1.0019, 1.0004, 1.0011,
        1.0029, 1.0063, 1.0007, 1.0023, 1.0054, 1.0006, 0.9969, 1.0000, 1.0032,
        0.9996, 1.0002, 1.0010, 1.0020, 0.9986, 1.0011, 1.0001, 1.0000, 1.0014,
        0.9995, 1.0010, 1.0018, 0.9993, 1.0039, 1.0003, 1.0033, 1.0015, 0.9976,
        0.9983, 0.9975, 0.9992, 0.9974, 0.9982, 1.0020, 1.0024, 0.9987, 1.0001,
        1.0012, 1.0000, 1.0010, 1.0015, 1.0050, 0.9993, 1.0015, 0.9992, 1.0045,
        0.9971, 0.9993, 0.9995, 1.0017, 0.9965, 1.0006, 0.9998, 1.0064, 1.0061,
        1.0011, 1.0035, 1.0002, 0.9997, 1.0003, 1.0034, 1.0012, 1.0015, 1.0017,
        1.0006, 1.0000, 1.0012, 1.0041, 0.9982, 1.0018, 1.0032, 0.9993, 1.0003,
        0.9977, 1.0013, 1.0026, 1.0016, 1.0056, 1.0004, 0.9993, 0.9984, 1.0020,
        1.0008, 1.0022, 0.9976, 1.0014, 1.0007, 1.0025, 1.0050, 1.0000, 1.0039,
        0.9999, 0.9997, 0.9970, 1.0012, 0.9998, 0.9930, 1.0003, 1.0006, 1.0028,
        0.9993, 1.0005, 1.0000, 0.9989, 1.0042, 1.0076, 0.9996, 1.0035, 1.0024,
        1.0036, 1.0005, 0.9946, 1.0037, 1.0011, 0.9988, 1.0039, 1.0001, 1.0016,
        1.0032, 1.0050, 1.0021, 1.0001, 1.0003, 1.0023, 1.0080, 1.0001, 1.0029,
        0.9999, 0.9998, 0.9969, 1.0015, 1.0008, 1.0025, 1.0003, 1.0012, 1.0017,
        1.0026, 1.0003, 1.0048, 0.9955, 0.9993, 1.0008, 0.9992, 0.9993, 1.0020,
        1.0007, 1.0003, 1.0069, 1.0001, 0.9999, 1.0015, 1.0040, 0.9985, 1.0032,
        1.0020, 0.9981, 0.9997, 1.0014, 0.9977, 0.9989, 1.0033, 1.0043, 1.0031,
        1.0002, 0.9995, 1.0025, 1.0020, 1.0036, 0.9987, 1.0018, 1.0009, 1.0024,
        1.0002, 1.0030, 1.0011, 1.0041, 0.9993, 1.0055, 1.0019, 1.0016, 0.9957,
        1.0002, 1.0029, 1.0032, 0.9989, 0.9990, 0.9998, 1.0048, 0.9976, 1.0012,
        1.0000, 0.9976, 1.0001, 0.9988, 1.0006, 1.0079, 1.0060, 0.9991, 0.9994,
        1.0021, 1.0012, 0.9995, 1.0024, 1.0025, 1.0066, 1.0038, 0.9998, 1.0014,
        1.0017, 1.0042, 1.0040], device='cuda:0', requires_grad=True)
Parameter containing:
tensor([1.0013, 1.0012, 1.0022, 1.0016, 1.0028, 1.0022, 1.0005, 1.0038, 0.9997,
        0.9991, 1.0034, 0.9998, 0.9976, 0.9996, 1.0028, 0.9996, 1.0006, 1.0023,
        1.0030, 1.0014, 1.0049, 1.0038, 1.0077, 1.0005, 1.0002, 1.0050, 1.0032,
        0.9992, 1.0008, 1.0005, 1.0015, 1.0039, 1.0017, 1.0029, 1.0007, 1.0001,
        1.0030, 1.0003, 1.0012, 0.9999, 1.0015, 1.0024, 1.0006, 0.9992, 1.0028,
        1.0014, 0.9990, 0.9969, 1.0014, 1.0007, 1.0042, 1.0001, 1.0015, 0.9995,
        0.9999, 1.0003, 1.0021, 0.9995, 1.0002, 1.0000, 1.0009, 1.0019, 1.0006,
        0.9977, 1.0051, 1.0000, 0.9995, 1.0046, 1.0006, 0.9995, 1.0007, 0.9986,
        0.9990, 1.0011, 1.0032, 1.0004, 1.0021, 1.0014, 0.9998, 0.9955, 0.9997,
        1.0071, 0.9992, 1.0024, 1.0021, 0.9998, 1.0035, 1.0022, 1.0026, 1.0041,
        0.9996, 1.0033, 0.9980, 1.0016, 1.0004, 1.0026, 1.0017, 1.0027, 1.0043,
        1.0030, 0.9995, 0.9950, 0.9996, 1.0026, 0.9981, 1.0064, 1.0005, 1.0000,
        1.0009, 0.9986, 0.9997, 0.9996, 1.0015, 1.0003, 1.0027, 1.0003, 1.0022,
        1.0009, 1.0017, 1.0010, 1.0030, 1.0014, 1.0015, 1.0021, 1.0004, 1.0030,
        1.0001, 1.0032, 0.9996, 1.0008, 0.9994, 0.9990, 1.0062, 0.9963, 1.0017,
        0.9998, 1.0028, 0.9996, 1.0001, 1.0030, 1.0028, 1.0004, 1.0014, 0.9968,
        1.0033, 0.9952, 1.0003, 1.0005, 0.9999, 1.0010, 0.9985, 0.9983, 1.0005,
        1.0021, 1.0015, 1.0013, 1.0004, 1.0001, 1.0037, 0.9989, 1.0000, 0.9988,
        1.0017, 1.0082, 1.0017, 1.0002, 1.0016, 0.9998, 1.0008, 1.0002, 1.0017,
        1.0027, 1.0009, 0.9977, 1.0030, 0.9989, 0.9990, 0.9991, 0.9958, 0.9938,
        1.0018, 1.0011, 0.9978, 0.9977, 1.0028, 0.9988, 0.9984, 1.0039, 0.9989,
        1.0008, 1.0014, 1.0025, 1.0048, 0.9977, 1.0011, 1.0007, 0.9971, 0.9994,
        1.0007, 1.0002, 0.9988, 1.0023, 1.0012, 0.9988, 0.9991, 1.0013, 0.9996,
        1.0006, 0.9998, 1.0011, 1.0007, 1.0008, 0.9996, 0.9994, 1.0020, 1.0004,
        1.0007, 1.0024, 0.9997, 0.9984, 0.9977, 0.9989, 1.0056, 0.9989, 1.0030,
        0.9997, 1.0014, 0.9982, 1.0001, 1.0054, 0.9998, 1.0015, 1.0008, 1.0003,
        0.9981, 1.0030, 1.0022, 1.0018, 1.0013, 1.0027, 1.0011, 1.0003, 1.0005,
        0.9998, 0.9984, 0.9993, 1.0002, 1.0012, 1.0023, 0.9990, 0.9991, 1.0003,
        0.9997, 1.0009, 1.0009, 1.0005, 1.0010, 1.0008, 0.9998, 0.9993, 1.0025,
        1.0035, 1.0055, 0.9995, 1.0000, 1.0007, 0.9993, 0.9969, 0.9959, 1.0021,
        1.0015, 1.0023, 0.9976, 1.0020, 1.0014, 1.0035, 1.0011, 1.0028, 1.0061,
        1.0011, 1.0017, 1.0022, 1.0004, 0.9979, 1.0031, 1.0020, 0.9989, 1.0000,
        1.0056, 0.9987, 0.9957, 0.9989, 0.9994, 1.0001, 0.9999, 1.0047, 1.0029,
        1.0004, 1.0013, 0.9972, 1.0033, 1.0022, 0.9989, 1.0011, 0.9989, 1.0050,
        0.9992, 1.0021, 1.0005, 1.0008, 0.9985, 1.0016, 0.9999, 1.0018, 1.0035,
        0.9993, 1.0000, 0.9971, 1.0031, 1.0023, 1.0074, 0.9998, 0.9989, 1.0023,
        1.0024, 1.0000, 1.0024, 1.0020, 1.0016, 1.0019, 1.0005, 1.0012, 1.0016,
        1.0009, 1.0026, 1.0014, 0.9990, 0.9994, 1.0016, 0.9992, 0.9979, 1.0037,
        0.9991, 1.0019, 1.0010, 1.0033, 1.0024, 1.0016, 1.0015, 1.0029, 1.0035,
        1.0016, 0.9986, 1.0047, 1.0022, 0.9999, 1.0007, 0.9976, 1.0025, 1.0039,
        0.9986, 1.0022, 1.0033, 0.9998, 1.0001, 1.0031, 0.9987, 0.9992, 1.0012,
        1.0011, 1.0004, 1.0038, 1.0002, 1.0021, 1.0006, 1.0094, 0.9999, 1.0024,
        0.9991, 1.0019, 0.9994, 0.9995, 1.0010, 0.9987, 1.0007, 0.9989, 0.9993,
        0.9970, 1.0011, 1.0022, 1.0039, 1.0002, 1.0016, 1.0016, 1.0024, 1.0034,
        0.9990, 1.0016, 1.0012, 1.0009, 1.0024, 1.0010, 1.0007, 1.0024, 0.9984,
        0.9986, 1.0015, 1.0035, 0.9980, 1.0030, 0.9979, 1.0005, 1.0003, 1.0005,
        1.0008, 1.0025, 1.0004, 1.0045, 1.0002, 1.0007, 1.0062, 0.9976, 0.9982,
        1.0022, 1.0041, 1.0004, 0.9996, 1.0011, 0.9954, 1.0061, 1.0007, 0.9967,
        0.9988, 1.0050, 1.0025, 0.9964, 1.0022, 1.0016, 0.9991, 1.0027, 1.0016,
        1.0027, 1.0011, 0.9969, 0.9984, 1.0020, 0.9996, 1.0032, 0.9985, 1.0035,
        1.0014, 1.0026, 1.0038, 1.0000, 0.9992, 1.0019, 1.0039, 1.0024, 1.0011,
        1.0006, 1.0015, 1.0009, 1.0007, 1.0041, 0.9977, 1.0021, 1.0024, 1.0016,
        1.0023, 0.9992, 1.0032, 1.0028, 1.0013, 1.0006, 0.9991, 0.9975, 0.9970,
        1.0014, 1.0076, 1.0008, 1.0023, 1.0034, 1.0002, 0.9992, 1.0004, 1.0033,
        1.0012, 0.9978, 1.0015, 1.0026, 1.0015, 0.9990, 1.0021, 1.0007, 1.0029,
        0.9998, 1.0023, 0.9994, 1.0020, 0.9999, 0.9996, 1.0006, 1.0008, 1.0048,
        0.9985, 1.0006, 1.0010, 1.0011, 0.9997, 1.0025, 1.0038, 0.9991, 1.0025,
        1.0035, 0.9986, 0.9974, 0.9987, 0.9955, 0.9932, 0.9995, 1.0012, 1.0009,
        0.9993, 0.9996, 1.0024, 1.0016, 0.9983, 1.0047, 1.0014, 0.9981, 0.9989,
        1.0042, 1.0011, 0.9995, 1.0002, 1.0007, 0.9946, 1.0001, 1.0031, 0.9984,
        1.0007, 1.0052, 0.9976, 1.0078, 1.0021, 1.0004, 0.9992, 1.0019, 0.9974,
        0.9998, 1.0021, 0.9974, 0.9996, 1.0003, 0.9987, 1.0020, 0.9999, 1.0017,
        1.0040, 1.0051, 1.0006, 1.0012, 1.0052, 0.9991, 0.9979, 1.0019, 1.0025,
        1.0003, 1.0000, 1.0014, 1.0024, 0.9984, 1.0014, 0.9999, 1.0001, 1.0020,
        1.0003, 1.0017, 1.0004, 1.0000, 1.0035, 1.0000, 1.0033, 1.0026, 0.9974,
        0.9986, 0.9975, 0.9976, 0.9982, 0.9984, 1.0014, 1.0035, 0.9981, 1.0006,
        1.0013, 1.0007, 1.0006, 1.0009, 1.0054, 1.0013, 1.0024, 0.9993, 1.0034,
        0.9972, 0.9994, 0.9997, 1.0015, 0.9972, 1.0018, 1.0000, 1.0053, 1.0038,
        0.9997, 1.0039, 1.0007, 0.9996, 1.0001, 1.0027, 1.0025, 1.0006, 1.0024,
        1.0013, 1.0001, 1.0008, 1.0045, 0.9993, 1.0022, 1.0018, 0.9992, 1.0004,
        0.9984, 1.0025, 1.0017, 1.0007, 1.0045, 0.9997, 0.9994, 0.9982, 1.0016,
        1.0013, 1.0023, 0.9974, 1.0014, 1.0002, 1.0020, 1.0042, 0.9985, 1.0028,
        0.9993, 1.0002, 0.9990, 1.0008, 0.9996, 0.9951, 1.0004, 1.0003, 1.0020,
        1.0007, 1.0006, 1.0002, 0.9993, 1.0042, 1.0069, 0.9998, 1.0041, 1.0020,
        1.0035, 1.0008, 0.9956, 1.0041, 1.0011, 0.9991, 1.0050, 0.9990, 1.0027,
        1.0023, 1.0039, 1.0021, 1.0003, 0.9996, 1.0017, 1.0063, 0.9999, 1.0029,
        1.0005, 1.0009, 0.9964, 1.0030, 1.0019, 1.0016, 0.9998, 1.0011, 1.0016,
        1.0033, 1.0007, 1.0042, 0.9951, 0.9996, 1.0004, 1.0003, 1.0000, 1.0026,
        1.0015, 1.0012, 1.0051, 0.9997, 1.0004, 1.0013, 1.0041, 0.9988, 1.0031,
        1.0019, 0.9998, 1.0007, 1.0021, 0.9977, 0.9988, 1.0037, 1.0049, 1.0031,
        0.9999, 1.0006, 1.0017, 1.0011, 1.0023, 0.9980, 1.0012, 0.9999, 1.0024,
        0.9989, 1.0029, 1.0000, 1.0029, 1.0011, 1.0047, 1.0019, 1.0013, 0.9944,
        1.0000, 1.0036, 1.0031, 0.9991, 0.9997, 1.0007, 1.0033, 0.9986, 1.0013,
        0.9997, 0.9981, 0.9998, 0.9986, 1.0003, 1.0072, 1.0050, 0.9986, 0.9994,
        1.0025, 1.0002, 0.9999, 1.0008, 1.0021, 1.0054, 1.0047, 0.9993, 1.0021,
        1.0008, 1.0039, 1.0039], device='cuda:0', requires_grad=True)
assertion_passed
Parameter containing:
tensor([[ 0.0146, -0.0091,  0.0138,  ..., -0.0259, -0.0280, -0.0122],
        [-0.0058, -0.0100,  0.0254,  ..., -0.0307,  0.0027, -0.0134],
        [ 0.0105,  0.0254, -0.0010,  ..., -0.0354,  0.0013, -0.0115],
        ...,
        [-0.0341,  0.0196,  0.0238,  ..., -0.0049,  0.0324,  0.0339],
        [-0.0306, -0.0150,  0.0196,  ..., -0.0196,  0.0073, -0.0280],
        [ 0.0316, -0.0335, -0.0159,  ...,  0.0340, -0.0020,  0.0120]],
       device='cuda:0', requires_grad=True)
Parameter containing:
tensor([[ 0.0146, -0.0091,  0.0137,  ..., -0.0260, -0.0281, -0.0124],
        [-0.0059, -0.0101,  0.0254,  ..., -0.0307,  0.0025, -0.0135],
        [ 0.0107,  0.0254, -0.0011,  ..., -0.0354,  0.0012, -0.0111],
        ...,
        [-0.0340,  0.0197,  0.0240,  ..., -0.0049,  0.0323,  0.0343],
        [-0.0306, -0.0147,  0.0197,  ..., -0.0195,  0.0075, -0.0277],
        [ 0.0317, -0.0336, -0.0161,  ...,  0.0342, -0.0018,  0.0123]],
       device='cuda:0', requires_grad=True)
assertion_passed
Parameter containing:
tensor([[-0.0250, -0.0077, -0.0301,  ..., -0.0267,  0.0003,  0.0235],
        [ 0.0180,  0.0225, -0.0069,  ..., -0.0234, -0.0201,  0.0119],
        [ 0.0122,  0.0144,  0.0175,  ..., -0.0323, -0.0110, -0.0275],
        ...,
        [-0.0017,  0.0072, -0.0005,  ...,  0.0226, -0.0106,  0.0266],
        [-0.0290,  0.0201,  0.0291,  ...,  0.0084,  0.0298, -0.0277],
        [ 0.0038,  0.0105, -0.0274,  ..., -0.0212, -0.0347,  0.0172]],
       device='cuda:0', requires_grad=True)
Parameter containing:
tensor([[-0.0250, -0.0079, -0.0299,  ..., -0.0265,  0.0002,  0.0237],
        [ 0.0178,  0.0224, -0.0069,  ..., -0.0234, -0.0201,  0.0120],
        [ 0.0122,  0.0143,  0.0174,  ..., -0.0322, -0.0112, -0.0275],
        ...,
        [-0.0019,  0.0071, -0.0004,  ...,  0.0225, -0.0106,  0.0268],
        [-0.0289,  0.0200,  0.0293,  ...,  0.0082,  0.0298, -0.0277],
        [ 0.0037,  0.0105, -0.0276,  ..., -0.0211, -0.0348,  0.0172]],
       device='cuda:0', requires_grad=True)
assertion_passed
Parameter containing:
tensor([[-0.0251,  0.0206,  0.0097,  ...,  0.0015,  0.0308, -0.0162],
        [ 0.0207, -0.0268, -0.0171,  ...,  0.0099,  0.0182,  0.0296],
        [ 0.0210, -0.0033,  0.0116,  ..., -0.0191,  0.0266,  0.0220],
        ...,
        [ 0.0163, -0.0161,  0.0020,  ...,  0.0182,  0.0039, -0.0249],
        [ 0.0113, -0.0055, -0.0434,  ..., -0.0215, -0.0474, -0.0186],
        [-0.0213, -0.0100,  0.0090,  ...,  0.0017, -0.0204, -0.0054]],
       device='cuda:0', requires_grad=True)
Parameter containing:
tensor([[-0.0220,  0.0200,  0.0108,  ...,  0.0021,  0.0312, -0.0174],
        [ 0.0187, -0.0259, -0.0166,  ...,  0.0088,  0.0181,  0.0309],
        [ 0.0219, -0.0034,  0.0136,  ..., -0.0195,  0.0267,  0.0223],
        ...,
        [ 0.0184, -0.0177,  0.0030,  ...,  0.0201,  0.0044, -0.0252],
        [ 0.0136, -0.0064, -0.0433,  ..., -0.0192, -0.0442, -0.0187],
        [-0.0193, -0.0112,  0.0099,  ...,  0.0027, -0.0190, -0.0054]],
       device='cuda:0', requires_grad=True)
assertion_passed
Parameter containing:
tensor([[-0.0218, -0.0254,  0.0029,  ..., -0.0022, -0.0018, -0.0017],
        [ 0.0122,  0.0399,  0.0337,  ...,  0.0046, -0.0459,  0.0083],
        [ 0.0060, -0.0275,  0.0092,  ...,  0.0261, -0.0132,  0.0134],
        ...,
        [-0.0221,  0.0074,  0.0235,  ..., -0.0347, -0.0053,  0.0097],
        [-0.0172, -0.0069,  0.0100,  ..., -0.0293, -0.0043, -0.0333],
        [-0.0228,  0.0301, -0.0194,  ...,  0.0059, -0.0125, -0.0031]],
       device='cuda:0', requires_grad=True)
Parameter containing:
tensor([[-2.2557e-02, -2.3301e-02, -1.9780e-03,  ...,  4.1451e-04,
         -6.7496e-03,  5.3592e-04],
        [ 1.2528e-02,  3.8412e-02,  3.6669e-02,  ...,  2.7170e-03,
         -4.1734e-02,  6.8564e-03],
        [ 5.6070e-03, -2.6549e-02,  8.4734e-03,  ...,  2.5884e-02,
         -1.4419e-02,  1.3674e-02],
        ...,
        [-2.1856e-02,  5.2506e-03,  2.6879e-02,  ..., -3.5024e-02,
         -3.7392e-03,  9.0640e-03],
        [-1.6971e-02, -9.1759e-03,  1.3926e-02,  ..., -3.1032e-02,
         -5.7710e-06, -3.4711e-02],
        [-2.3281e-02,  3.0358e-02, -2.0886e-02,  ...,  6.7938e-03,
         -1.5284e-02, -1.9336e-03]], device='cuda:0', requires_grad=True)
assertion_passed
Parameter containing:
tensor([0.9984, 0.9986, 0.9959, 1.0007, 1.0028, 1.0007, 1.0025, 1.0019, 0.9988,
        0.9949, 0.9943, 1.0071, 0.9990, 1.0084, 0.9956, 0.9993, 1.0034, 1.0016,
        0.9950, 0.9938, 0.9988, 1.0069, 1.0037, 0.9998, 0.9989, 0.9924, 1.0024,
        1.0019, 1.0003, 1.0146, 0.9919, 0.9978, 0.9968, 1.0069, 0.9994, 1.0001,
        0.9979, 0.9995, 0.9960, 0.9989, 1.0024, 1.0004, 0.9984, 0.9983, 1.0030,
        1.0019, 0.9950, 0.9967, 1.0009, 1.0019, 0.9958, 0.9975, 0.9972, 1.0104,
        0.9976, 1.0024, 1.0023, 1.0073, 1.0005, 0.9971, 1.0021, 1.0004, 0.9990,
        1.0059, 1.0009, 1.0164, 0.9966, 0.9959, 1.0004, 1.0001, 0.9998, 1.0048,
        0.9978, 0.9974, 0.9976, 1.0010, 0.9987, 0.9953, 1.0001, 0.9949, 1.0009,
        1.0100, 1.0065, 1.0025, 0.9992, 0.9909, 1.0006, 1.0004, 0.9980, 1.0044,
        1.0034, 1.0036, 1.0014, 0.9982, 1.0004, 1.0060, 0.9976, 0.9921, 1.0031,
        1.0005, 0.9870, 1.0013, 0.9962, 1.0014, 0.9940, 1.0044, 1.0051, 0.9965,
        0.9937, 1.0014, 1.0078, 1.0006, 0.9995, 1.0031, 0.9998, 1.0022, 0.9978,
        1.0058, 1.0027, 0.9965, 0.9950, 1.0004, 0.9997, 0.9984, 0.9995, 0.9996,
        0.9997, 1.0012, 0.9976, 0.9986, 1.0001, 0.9967, 0.9999, 0.9984, 0.9977,
        0.9983, 0.9988, 0.9996, 1.0007, 0.9968, 1.0030, 1.0065, 1.0046, 1.0033,
        0.9959, 0.9975, 0.9948, 1.0032, 0.9990, 1.0007, 1.0007, 0.9994, 1.0064,
        1.0008, 0.9986, 0.9988, 1.0006, 0.9997, 1.0049, 0.9979, 1.0023, 0.9977,
        1.0055, 1.0016, 0.9944, 1.0078, 1.0064, 1.0064, 0.9991, 0.9958, 0.9972,
        0.9981, 0.9996, 1.0047, 1.0045, 1.0004, 0.9967, 1.0000, 1.0010, 1.0026,
        1.0032, 0.9967, 0.9997, 0.9981, 1.0031, 1.0044, 0.9998, 0.9937, 0.9986,
        1.0007, 1.0059, 0.9938, 1.0102, 0.9982, 0.9909, 0.9967, 0.9945, 1.0019,
        0.9994, 0.9984, 1.0017, 1.0013, 1.0025, 0.9988, 1.0053, 1.0013, 1.0013,
        1.0006, 0.9979, 0.9759, 1.0020, 1.0011, 1.0038, 1.0002, 1.0005, 1.0012,
        0.9972, 1.0010, 1.0010, 1.0072, 1.0022, 0.9993, 1.0054, 1.0029, 0.9991,
        0.9997, 1.0060, 1.0015, 1.0031, 0.9931, 1.0019, 1.0016, 1.0068, 0.9949,
        1.0026, 0.9983, 0.9951, 1.0033, 1.0044, 1.0007, 1.0005, 1.0030, 1.0005,
        1.0047, 1.0075, 0.9988, 0.9970, 0.9973, 0.9990, 0.9978, 0.9989, 0.9998,
        0.9963, 0.9984, 0.9998, 0.9807, 1.0008, 1.0014, 1.0038, 0.9985, 1.0044,
        0.9996, 0.9818, 0.9993, 1.0001, 0.9931, 0.9982, 1.0012, 1.0050, 0.9908,
        1.0007, 0.9997, 1.0012, 0.9961, 0.9870, 0.9949, 1.0013, 0.9943, 1.0175,
        1.0009, 1.0077, 1.0064, 0.9934, 1.0074, 1.0086, 1.0006, 1.0023, 0.9978,
        0.9962, 1.0002, 0.9979, 1.0108, 0.9988, 1.0041, 1.0014, 0.9997, 0.9985,
        1.0004, 1.0002, 0.9833, 0.9992, 1.0008, 0.9998, 1.0004, 0.9963, 1.0041,
        0.9918, 0.9989, 0.9982, 1.0011, 1.0041, 0.9976, 0.9966, 1.0008, 0.9986,
        1.0047, 0.9980, 0.9984, 1.0025, 1.0023, 1.0015, 1.0011, 0.9989, 1.0058,
        0.9972, 0.9989, 0.9955, 1.0037, 0.9966, 0.9996, 0.9971, 1.0003, 0.9942,
        1.0042, 1.0014, 1.0016, 0.9951, 1.0016, 0.9995, 0.9969, 0.9999, 1.0018,
        0.9989, 0.9968, 1.0019, 0.9991, 1.0173, 0.9979, 0.9964, 1.0002, 1.0025,
        0.9797, 0.9973, 1.0000, 0.9984, 0.9988, 0.9946, 0.9994, 0.9932, 0.9986,
        0.9999, 0.9946, 0.9969, 0.9869, 1.0001, 0.9982, 0.9939, 1.0141, 1.0002,
        1.0013, 1.0122, 1.0005, 1.0006, 0.9998, 1.0000, 0.9850, 0.9981, 0.9993,
        0.9990, 0.9982, 0.9984, 1.0005, 0.9968, 1.0053, 0.9965, 0.9998, 1.0037,
        1.0001, 0.9995, 1.0019, 0.9954, 1.0023, 1.0017, 1.0000, 0.9979, 0.9957,
        1.0058, 1.0027, 0.9985, 0.9982, 0.9977, 1.0084, 0.9995, 0.9992, 0.9937,
        1.0109, 1.0069, 0.9953, 0.9986, 0.9978, 1.0019, 1.0042, 0.9995, 1.0004,
        1.0000, 0.9935, 1.0030, 0.9982, 1.0023, 0.9955, 0.9902, 0.9992, 1.0002,
        1.0052, 0.9929, 0.9994, 1.0009, 0.9967, 1.0029, 0.9878, 1.0123, 0.9884,
        0.9994, 1.0006, 0.9995, 0.9995, 1.0045, 0.9875, 1.0030, 1.0002, 0.9977,
        1.0189, 0.9993, 1.0053, 1.0056, 0.9986, 0.9939, 1.0114, 0.9995, 1.0021,
        1.0010, 1.0024, 1.0013, 1.0045, 0.9956, 1.0061, 1.0146, 0.9941, 1.0123,
        0.9953, 1.0040, 0.9968, 1.0064, 0.9996, 0.9949, 1.0007, 0.9981, 1.0042,
        1.0006, 1.0026, 0.9997, 1.0013, 0.9942, 0.9998, 0.9998, 0.9986, 1.0008,
        0.9991, 0.9988, 1.0020, 0.9985, 1.0009, 1.0022, 0.9985, 1.0017, 1.0017,
        1.0011, 0.9980, 0.9975, 0.9997, 0.9991, 0.9961, 1.0088, 0.9995, 1.0013,
        0.9990, 0.9920, 1.0008, 1.0014, 0.9996, 0.9988, 1.0020, 0.9939, 1.0018,
        0.9992, 0.9963, 1.0032, 1.0004, 0.9994, 0.9933, 0.9980, 1.0092, 0.9989,
        0.9956, 1.0019, 1.0018, 0.9968, 0.9960, 0.9888, 1.0057, 0.9995, 1.0010,
        0.9972, 0.9951, 1.0087, 1.0029, 0.9997, 0.9806, 1.0072, 0.9984, 1.0013,
        0.9878, 1.0047, 0.9949, 0.9985, 1.0038, 1.0222, 1.0036, 0.9997, 0.9991,
        1.0006, 1.0041, 0.9976, 1.0045, 1.0005, 1.0022, 1.0010, 1.0004, 0.9989,
        1.0032, 1.0007, 1.0007, 0.9997, 1.0026, 0.9947, 0.9962, 1.0052, 1.0021,
        0.9993, 0.9815, 0.9976, 1.0030, 1.0007, 1.0073, 0.9945, 1.0001, 0.9970,
        1.0031, 1.0040, 0.9984, 1.0027, 0.9916, 0.9752, 1.0047, 0.9938, 1.0018,
        1.0009, 0.9833, 0.9997, 0.9995, 0.9991, 1.0002, 0.9961, 0.9931, 0.9934,
        0.9984, 1.0014, 0.9997, 0.9995, 1.0016, 1.0012, 1.0103, 0.9969, 0.9982,
        1.0002, 0.9995, 0.9996, 1.0008, 0.9901, 0.9891, 1.0013, 0.9958, 1.0003,
        0.9965, 1.0016, 0.9982, 1.0025, 1.0012, 0.9982, 0.9974, 1.0023, 0.9961,
        1.0002, 0.9981, 0.9998, 0.9964, 0.9972, 1.0005, 0.9922, 0.9997, 0.9982,
        1.0017, 0.9980, 0.9967, 0.9925, 0.9964, 0.9993, 1.0014, 1.0012, 0.9998,
        1.0024, 1.0006, 1.0022, 1.0006, 0.9992, 0.9977, 1.0002, 1.0062, 1.0054,
        0.9998, 1.0018, 1.0174, 0.9967, 0.9999, 1.0041, 1.0020, 1.0009, 1.0008,
        0.9997, 1.0016, 1.0031, 1.0012, 1.0028, 0.9998, 0.9998, 1.0048, 0.9991,
        0.9982, 0.9972, 0.9998, 0.9985, 1.0026, 1.0021, 1.0025, 0.9961, 0.9985,
        1.0028, 1.0018, 0.9983, 1.0060, 0.9979, 0.9990, 1.0005, 1.0014, 0.9993,
        1.0001, 0.9994, 0.9990, 0.9980, 0.9992, 0.9842, 0.9960, 0.9999, 1.0011,
        1.0033, 1.0115, 0.9945, 0.9966, 1.0042, 1.0027, 0.9976, 0.9991, 1.0019,
        0.9980, 0.9989, 1.0004, 0.9977, 1.0018, 1.0000, 1.0006, 0.9999, 0.9998,
        0.9980, 0.9962, 0.9911, 1.0013, 1.0010, 0.9964, 0.9963, 1.0015, 0.9986,
        1.0021, 0.9946, 0.9987, 1.0008, 1.0002, 0.9983, 1.0003, 1.0113, 0.9972,
        1.0023, 1.0009, 1.0005, 1.0046, 1.0022, 1.0013, 1.0017, 0.9993, 1.0002,
        1.0008, 0.9985, 0.9967, 1.0040, 0.9967, 0.9968, 0.9999, 1.0100, 1.0023,
        0.9985, 0.9993, 1.0009, 1.0025, 0.9996, 0.9970, 0.9942, 1.0045, 0.9991,
        1.0007, 0.9982, 0.9959, 1.0028, 1.0016, 1.0102, 1.0068, 0.9954, 1.0076,
        1.0053, 0.9991, 1.0009, 1.0005, 0.9945, 0.9987, 1.0092, 0.9966, 0.9997,
        0.9990, 1.0072, 1.0013], device='cuda:0', requires_grad=True)
Parameter containing:
tensor([0.9977, 0.9988, 0.9959, 1.0004, 1.0029, 1.0006, 1.0019, 1.0014, 0.9970,
        0.9947, 0.9958, 1.0044, 0.9987, 1.0077, 0.9959, 1.0002, 1.0027, 1.0011,
        0.9958, 0.9928, 0.9986, 1.0080, 1.0033, 0.9997, 0.9991, 0.9944, 1.0015,
        1.0017, 1.0006, 1.0130, 0.9905, 0.9984, 0.9978, 1.0055, 0.9991, 1.0003,
        0.9986, 0.9993, 0.9976, 0.9988, 1.0018, 1.0002, 0.9996, 0.9981, 1.0028,
        1.0019, 0.9950, 0.9970, 1.0009, 1.0017, 0.9953, 0.9971, 0.9975, 1.0067,
        0.9985, 1.0041, 1.0023, 1.0070, 1.0005, 0.9968, 1.0023, 1.0002, 0.9982,
        1.0045, 1.0012, 1.0152, 0.9958, 0.9957, 1.0005, 1.0007, 0.9979, 1.0056,
        0.9985, 0.9976, 0.9980, 1.0003, 0.9995, 0.9948, 1.0005, 0.9928, 1.0004,
        1.0099, 1.0057, 1.0028, 0.9994, 0.9902, 1.0009, 1.0005, 0.9978, 1.0057,
        1.0065, 1.0027, 1.0013, 0.9982, 1.0006, 1.0057, 0.9992, 0.9945, 1.0035,
        0.9972, 0.9855, 1.0011, 0.9964, 1.0022, 0.9946, 1.0053, 1.0047, 0.9976,
        0.9935, 1.0008, 1.0053, 1.0011, 1.0008, 1.0025, 0.9998, 1.0023, 0.9970,
        1.0046, 1.0030, 0.9973, 0.9963, 1.0029, 0.9987, 0.9969, 0.9990, 0.9996,
        0.9996, 1.0010, 0.9983, 0.9986, 0.9999, 0.9975, 1.0002, 0.9983, 0.9965,
        0.9974, 0.9975, 0.9997, 1.0027, 0.9981, 1.0031, 1.0070, 1.0047, 1.0028,
        0.9983, 0.9979, 0.9962, 1.0047, 0.9995, 0.9995, 1.0000, 0.9985, 1.0073,
        1.0011, 0.9990, 0.9993, 0.9997, 1.0008, 0.9978, 0.9971, 1.0012, 0.9976,
        1.0050, 1.0015, 0.9971, 1.0054, 1.0065, 1.0040, 1.0005, 0.9969, 0.9956,
        0.9987, 0.9992, 1.0059, 1.0032, 1.0006, 0.9966, 0.9998, 1.0021, 1.0043,
        1.0060, 0.9983, 0.9994, 0.9971, 1.0057, 1.0014, 1.0015, 0.9938, 0.9990,
        1.0004, 1.0033, 0.9931, 1.0089, 0.9982, 0.9936, 0.9966, 0.9946, 1.0031,
        1.0022, 0.9975, 1.0020, 1.0005, 1.0024, 0.9986, 1.0057, 1.0016, 1.0012,
        1.0014, 0.9984, 0.9754, 1.0020, 1.0006, 1.0041, 1.0003, 0.9999, 1.0019,
        0.9979, 1.0010, 0.9995, 1.0060, 1.0037, 1.0007, 1.0050, 1.0060, 0.9979,
        0.9996, 1.0068, 1.0014, 1.0023, 0.9934, 1.0031, 1.0020, 1.0087, 0.9938,
        1.0060, 0.9986, 0.9942, 1.0051, 1.0046, 1.0004, 1.0000, 1.0029, 1.0008,
        1.0034, 1.0062, 0.9979, 0.9918, 0.9966, 0.9988, 0.9962, 0.9981, 0.9997,
        0.9944, 0.9986, 0.9998, 0.9850, 0.9998, 1.0015, 1.0026, 0.9974, 0.9998,
        0.9998, 0.9843, 1.0010, 1.0004, 0.9939, 0.9990, 1.0011, 1.0046, 0.9923,
        1.0005, 1.0000, 0.9998, 0.9970, 0.9876, 0.9941, 1.0019, 0.9948, 1.0158,
        1.0011, 1.0055, 1.0051, 0.9939, 1.0066, 1.0092, 1.0010, 1.0014, 0.9996,
        0.9968, 1.0001, 0.9980, 1.0099, 0.9981, 1.0031, 1.0018, 1.0001, 0.9974,
        1.0005, 1.0009, 0.9808, 1.0000, 1.0002, 0.9997, 1.0006, 0.9945, 1.0037,
        0.9908, 0.9996, 0.9983, 1.0014, 1.0050, 0.9982, 0.9972, 1.0010, 0.9984,
        1.0048, 0.9985, 0.9971, 1.0022, 1.0022, 1.0024, 1.0025, 0.9998, 1.0065,
        0.9975, 0.9988, 0.9963, 1.0048, 0.9985, 0.9997, 0.9963, 0.9999, 0.9944,
        1.0043, 1.0012, 0.9996, 0.9954, 1.0021, 0.9997, 0.9974, 1.0005, 1.0009,
        0.9987, 0.9962, 1.0012, 0.9991, 1.0145, 0.9974, 0.9952, 0.9995, 1.0010,
        0.9820, 0.9970, 0.9990, 0.9985, 0.9982, 0.9955, 0.9989, 0.9938, 0.9970,
        0.9996, 0.9957, 0.9967, 0.9862, 1.0003, 0.9989, 0.9944, 1.0121, 1.0001,
        1.0023, 1.0091, 1.0006, 1.0006, 0.9981, 1.0006, 0.9812, 0.9975, 1.0008,
        0.9997, 0.9984, 0.9982, 1.0026, 0.9984, 1.0064, 0.9981, 0.9999, 1.0029,
        1.0012, 1.0003, 1.0014, 0.9948, 1.0019, 1.0014, 1.0005, 0.9981, 0.9963,
        1.0055, 1.0041, 0.9986, 0.9983, 0.9974, 1.0068, 0.9993, 0.9993, 0.9930,
        1.0097, 1.0067, 0.9963, 0.9985, 0.9974, 1.0009, 1.0038, 0.9992, 1.0000,
        1.0002, 0.9897, 1.0039, 0.9979, 1.0015, 0.9966, 0.9869, 0.9990, 1.0000,
        1.0063, 0.9928, 0.9993, 1.0008, 0.9948, 1.0035, 0.9884, 1.0061, 0.9886,
        0.9997, 1.0001, 0.9995, 0.9991, 1.0028, 0.9889, 1.0015, 0.9988, 0.9984,
        1.0211, 0.9990, 1.0059, 1.0072, 0.9987, 0.9932, 1.0110, 0.9991, 1.0014,
        1.0013, 1.0020, 1.0018, 1.0042, 0.9949, 1.0066, 1.0120, 0.9946, 1.0130,
        0.9963, 1.0038, 0.9974, 1.0049, 0.9989, 0.9955, 1.0006, 0.9981, 1.0037,
        1.0007, 1.0032, 0.9993, 1.0015, 0.9948, 0.9996, 0.9997, 0.9998, 1.0001,
        0.9974, 0.9982, 0.9984, 0.9985, 1.0007, 1.0032, 0.9956, 1.0032, 1.0017,
        1.0011, 0.9982, 0.9981, 0.9994, 0.9994, 0.9978, 1.0072, 0.9998, 1.0010,
        0.9973, 0.9923, 1.0008, 0.9984, 0.9996, 0.9988, 1.0016, 0.9948, 1.0006,
        0.9982, 0.9982, 1.0021, 1.0004, 0.9989, 0.9919, 0.9947, 1.0089, 1.0009,
        0.9940, 1.0020, 1.0008, 0.9967, 0.9929, 0.9889, 1.0055, 1.0000, 1.0018,
        0.9973, 0.9965, 1.0072, 1.0036, 0.9993, 0.9844, 1.0075, 0.9983, 1.0012,
        0.9883, 1.0042, 0.9967, 0.9986, 1.0048, 1.0210, 1.0069, 0.9996, 0.9993,
        1.0003, 1.0050, 0.9970, 1.0027, 1.0004, 1.0014, 1.0010, 0.9998, 0.9989,
        1.0032, 1.0003, 1.0013, 1.0000, 1.0029, 0.9952, 0.9962, 1.0034, 1.0014,
        0.9995, 0.9848, 0.9973, 1.0023, 1.0009, 1.0051, 0.9947, 0.9999, 0.9973,
        1.0041, 1.0040, 0.9995, 1.0020, 0.9922, 0.9765, 1.0046, 0.9943, 1.0017,
        1.0009, 0.9823, 0.9993, 1.0009, 0.9995, 1.0006, 0.9972, 0.9933, 0.9935,
        0.9988, 1.0017, 0.9992, 1.0001, 1.0016, 1.0015, 1.0112, 0.9966, 0.9988,
        1.0016, 1.0000, 0.9996, 1.0011, 0.9905, 0.9902, 1.0011, 0.9950, 1.0007,
        0.9951, 1.0013, 0.9983, 1.0016, 1.0022, 0.9990, 0.9972, 1.0017, 0.9976,
        1.0001, 0.9986, 0.9992, 0.9965, 0.9937, 1.0000, 0.9910, 0.9992, 0.9988,
        1.0026, 0.9966, 0.9991, 0.9927, 0.9961, 0.9996, 1.0008, 1.0011, 0.9999,
        1.0015, 1.0025, 1.0013, 0.9996, 0.9983, 0.9984, 1.0003, 1.0079, 1.0064,
        0.9996, 1.0012, 1.0147, 0.9971, 0.9995, 1.0031, 1.0013, 0.9993, 1.0000,
        0.9994, 1.0020, 1.0021, 1.0020, 1.0039, 0.9998, 1.0001, 1.0053, 0.9989,
        0.9983, 0.9979, 0.9993, 0.9992, 1.0022, 1.0019, 1.0029, 0.9966, 0.9997,
        1.0014, 1.0015, 0.9988, 1.0079, 0.9966, 0.9991, 1.0003, 1.0000, 0.9996,
        0.9990, 0.9994, 0.9988, 0.9980, 0.9992, 0.9851, 0.9965, 0.9994, 1.0001,
        1.0030, 1.0077, 0.9953, 0.9968, 1.0037, 1.0034, 0.9975, 0.9986, 1.0012,
        0.9982, 0.9979, 1.0007, 0.9988, 1.0024, 1.0002, 1.0018, 1.0000, 0.9998,
        0.9992, 0.9966, 0.9895, 1.0011, 1.0014, 0.9965, 0.9965, 1.0007, 0.9983,
        1.0016, 0.9943, 0.9994, 1.0014, 1.0006, 0.9978, 1.0006, 1.0158, 0.9971,
        1.0030, 1.0012, 0.9995, 1.0035, 1.0023, 1.0019, 1.0019, 1.0008, 1.0002,
        1.0029, 0.9985, 0.9973, 1.0030, 0.9982, 0.9967, 1.0008, 1.0108, 1.0029,
        0.9984, 0.9996, 1.0014, 1.0018, 1.0011, 0.9963, 0.9951, 1.0044, 0.9989,
        1.0007, 0.9967, 0.9952, 0.9996, 1.0022, 1.0106, 1.0054, 0.9962, 1.0076,
        1.0043, 0.9986, 1.0003, 1.0014, 0.9947, 0.9989, 1.0100, 0.9955, 1.0004,
        0.9986, 1.0062, 1.0022], device='cuda:0', requires_grad=True)
assertion_passed
Parameter containing:
tensor([[-0.0195, -0.0257,  0.0203,  ...,  0.0227,  0.0036, -0.0172],
        [-0.0256,  0.0308, -0.0174,  ..., -0.0131,  0.0308, -0.0104],
        [ 0.0182,  0.0238, -0.0084,  ...,  0.0135, -0.0269,  0.0123],
        ...,
