MASTER_PORT: 11225
MASTER_ADDR: ad12a3ca-01
both done
both done
both done
both done
Parameter containing:
tensor([[ 0.5560,  0.4886, -0.7812,  ..., -0.5483,  0.7033,  0.1388],
        [-0.5137,  0.0698, -2.5176,  ...,  0.2188,  1.4868,  0.5785],
        [ 0.1992,  0.2566, -0.6580,  ..., -1.3020, -0.9973,  0.4074],
        ...,
        [-0.8926, -1.8356,  0.4562,  ..., -1.3952, -0.0836,  0.4725],
        [-1.1480, -0.8766, -0.6096,  ..., -1.0481, -0.1948, -0.6875],
        [ 0.4399,  1.6620, -1.4105,  ...,  0.5688, -2.2696, -1.4864]],
       device='cuda:0', requires_grad=True)
Parameter containing:
tensor([[ 0.5560,  0.4886, -0.7812,  ..., -0.5483,  0.7033,  0.1388],
        [-0.5137,  0.0698, -2.5176,  ...,  0.2188,  1.4868,  0.5785],
        [ 0.1992,  0.2566, -0.6580,  ..., -1.3020, -0.9973,  0.4074],
        ...,
        [-0.8926, -1.8356,  0.4562,  ..., -1.3952, -0.0836,  0.4725],
        [-1.1480, -0.8766, -0.6096,  ..., -1.0481, -0.1948, -0.6875],
        [ 0.4399,  1.6620, -1.4105,  ...,  0.5688, -2.2696, -1.4864]],
       device='cuda:0', requires_grad=True)
