expr: syntax error: missing argument after ‘+’
MASTER_PORT: 
MASTER_ADDR: 
Traceback (most recent call last):
  File "/home/c-akshit/assn2/spring2024-assignment2-systems/cs336-systems/cs336_systems/distributed_multinode.py", line 106, in <module>
Traceback (most recent call last):
  File "/home/c-akshit/assn2/spring2024-assignment2-systems/cs336-systems/cs336_systems/distributed_multinode.py", line 106, in <module>
Traceback (most recent call last):
  File "/home/c-akshit/assn2/spring2024-assignment2-systems/cs336-systems/cs336_systems/distributed_multinode.py", line 106, in <module>
    main()
  File "/home/c-akshit/assn2/spring2024-assignment2-systems/cs336-systems/cs336_systems/distributed_multinode.py", line 103, in main
    main()
  File "/home/c-akshit/assn2/spring2024-assignment2-systems/cs336-systems/cs336_systems/distributed_multinode.py", line 103, in main
    multinode_distributed_demo(*arguments)
  File "/home/c-akshit/assn2/spring2024-assignment2-systems/cs336-systems/cs336_systems/distributed_multinode.py", line 51, in multinode_distributed_demo
    multinode_distributed_demo(*arguments)
  File "/home/c-akshit/assn2/spring2024-assignment2-systems/cs336-systems/cs336_systems/distributed_multinode.py", line 51, in multinode_distributed_demo
    rank, world_size, local_rank, local_world_size = setup(backend=backend, device=device)
  File "/home/c-akshit/assn2/spring2024-assignment2-systems/cs336-systems/cs336_systems/distributed_multinode.py", line 29, in setup
    rank, world_size, local_rank, local_world_size = setup(backend=backend, device=device)
  File "/home/c-akshit/assn2/spring2024-assignment2-systems/cs336-systems/cs336_systems/distributed_multinode.py", line 29, in setup
    assert os.environ["MASTER_ADDR"]
AssertionError
    assert os.environ["MASTER_ADDR"]
AssertionError
    main()
  File "/home/c-akshit/assn2/spring2024-assignment2-systems/cs336-systems/cs336_systems/distributed_multinode.py", line 103, in main
Traceback (most recent call last):
  File "/home/c-akshit/assn2/spring2024-assignment2-systems/cs336-systems/cs336_systems/distributed_multinode.py", line 106, in <module>
    multinode_distributed_demo(*arguments)
  File "/home/c-akshit/assn2/spring2024-assignment2-systems/cs336-systems/cs336_systems/distributed_multinode.py", line 51, in multinode_distributed_demo
    rank, world_size, local_rank, local_world_size = setup(backend=backend, device=device)
  File "/home/c-akshit/assn2/spring2024-assignment2-systems/cs336-systems/cs336_systems/distributed_multinode.py", line 29, in setup
    main()
  File "/home/c-akshit/assn2/spring2024-assignment2-systems/cs336-systems/cs336_systems/distributed_multinode.py", line 103, in main
    assert os.environ["MASTER_ADDR"]
AssertionError
    multinode_distributed_demo(*arguments)
  File "/home/c-akshit/assn2/spring2024-assignment2-systems/cs336-systems/cs336_systems/distributed_multinode.py", line 51, in multinode_distributed_demo
    rank, world_size, local_rank, local_world_size = setup(backend=backend, device=device)
  File "/home/c-akshit/assn2/spring2024-assignment2-systems/cs336-systems/cs336_systems/distributed_multinode.py", line 29, in setup
    assert os.environ["MASTER_ADDR"]
AssertionError
srun: error: ad12a3ca-01: tasks 0-1: Exited with exit code 1
srun: error: ad12a3ca-02: tasks 2-3: Exited with exit code 1
