Traceback (most recent call last):
  File "/home/c-akshit/assn2/spring2024-assignment2-systems/cs336-systems/cs336_systems/benchmarking.py", line 123, in <module>
    main()
  File "/home/c-akshit/assn2/spring2024-assignment2-systems/cs336-systems/cs336_systems/benchmarking.py", line 117, in main
    end_to_end_benchmarking(model, tokens, args)
  File "/home/c-akshit/assn2/spring2024-assignment2-systems/cs336-systems/cs336_systems/benchmarking.py", line 74, in end_to_end_benchmarking
    loss.backward()
  File "/home/c-akshit/miniconda3/envs/cs336_systems/lib/python3.10/site-packages/torch/_tensor.py", line 522, in backward
    torch.autograd.backward(
  File "/home/c-akshit/miniconda3/envs/cs336_systems/lib/python3.10/site-packages/torch/autograd/__init__.py", line 266, in backward
    Variable._execution_engine.run_backward(  # Calls into the C++ engine to run the backward pass
RuntimeError: CUDA error: CUBLAS_STATUS_ALLOC_FAILED when calling `cublasCreate(handle)`
../aten/src/ATen/native/cuda/ScatterGatherKernel.cu:144: operator(): block: [3,0,0], thread: [32,0,0] Assertion `idx_dim >= 0 && idx_dim < index_size && "index out of bounds"` failed.
../aten/src/ATen/native/cuda/ScatterGatherKernel.cu:144: operator(): block: [3,0,0], thread: [33,0,0] Assertion `idx_dim >= 0 && idx_dim < index_size && "index out of bounds"` failed.
../aten/src/ATen/native/cuda/ScatterGatherKernel.cu:144: operator(): block: [3,0,0], thread: [34,0,0] Assertion `idx_dim >= 0 && idx_dim < index_size && "index out of bounds"` failed.
../aten/src/ATen/native/cuda/ScatterGatherKernel.cu:144: operator(): block: [3,0,0], thread: [35,0,0] Assertion `idx_dim >= 0 && idx_dim < index_size && "index out of bounds"` failed.
../aten/src/ATen/native/cuda/ScatterGatherKernel.cu:144: operator(): block: [3,0,0], thread: [36,0,0] Assertion `idx_dim >= 0 && idx_dim < index_size && "index out of bounds"` failed.
../aten/src/ATen/native/cuda/ScatterGatherKernel.cu:144: operator(): block: [3,0,0], thread: [37,0,0] Assertion `idx_dim >= 0 && idx_dim < index_size && "index out of bounds"` failed.
../aten/src/ATen/native/cuda/ScatterGatherKernel.cu:144: operator(): block: [3,0,0], thread: [38,0,0] Assertion `idx_dim >= 0 && idx_dim < index_size && "index out of bounds"` failed.
../aten/src/ATen/native/cuda/ScatterGatherKernel.cu:144: operator(): block: [3,0,0], thread: [39,0,0] Assertion `idx_dim >= 0 && idx_dim < index_size && "index out of bounds"` failed.
../aten/src/ATen/native/cuda/ScatterGatherKernel.cu:144: operator(): block: [3,0,0], thread: [40,0,0] Assertion `idx_dim >= 0 && idx_dim < index_size && "index out of bounds"` failed.
../aten/src/ATen/native/cuda/ScatterGatherKernel.cu:144: operator(): block: [3,0,0], thread: [41,0,0] Assertion `idx_dim >= 0 && idx_dim < index_size && "index out of bounds"` failed.
../aten/src/ATen/native/cuda/ScatterGatherKernel.cu:144: operator(): block: [3,0,0], thread: [42,0,0] Assertion `idx_dim >= 0 && idx_dim < index_size && "index out of bounds"` failed.
../aten/src/ATen/native/cuda/ScatterGatherKernel.cu:144: operator(): block: [3,0,0], thread: [43,0,0] Assertion `idx_dim >= 0 && idx_dim < index_size && "index out of bounds"` failed.
../aten/src/ATen/native/cuda/ScatterGatherKernel.cu:144: operator(): block: [3,0,0], thread: [44,0,0] Assertion `idx_dim >= 0 && idx_dim < index_size && "index out of bounds"` failed.
../aten/src/ATen/native/cuda/ScatterGatherKernel.cu:144: operator(): block: [3,0,0], thread: [45,0,0] Assertion `idx_dim >= 0 && idx_dim < index_size && "index out of bounds"` failed.
../aten/src/ATen/native/cuda/ScatterGatherKernel.cu:144: operator(): block: [3,0,0], thread: [46,0,0] Assertion `idx_dim >= 0 && idx_dim < index_size && "index out of bounds"` failed.
../aten/src/ATen/native/cuda/ScatterGatherKernel.cu:144: operator(): block: [3,0,0], thread: [47,0,0] Assertion `idx_dim >= 0 && idx_dim < index_size && "index out of bounds"` failed.
../aten/src/ATen/native/cuda/ScatterGatherKernel.cu:144: operator(): block: [3,0,0], thread: [48,0,0] Assertion `idx_dim >= 0 && idx_dim < index_size && "index out of bounds"` failed.
../aten/src/ATen/native/cuda/ScatterGatherKernel.cu:144: operator(): block: [3,0,0], thread: [49,0,0] Assertion `idx_dim >= 0 && idx_dim < index_size && "index out of bounds"` failed.
../aten/src/ATen/native/cuda/ScatterGatherKernel.cu:144: operator(): block: [3,0,0], thread: [50,0,0] Assertion `idx_dim >= 0 && idx_dim < index_size && "index out of bounds"` failed.
../aten/src/ATen/native/cuda/ScatterGatherKernel.cu:144: operator(): block: [3,0,0], thread: [51,0,0] Assertion `idx_dim >= 0 && idx_dim < index_size && "index out of bounds"` failed.
../aten/src/ATen/native/cuda/ScatterGatherKernel.cu:144: operator(): block: [3,0,0], thread: [52,0,0] Assertion `idx_dim >= 0 && idx_dim < index_size && "index out of bounds"` failed.
../aten/src/ATen/native/cuda/ScatterGatherKernel.cu:144: operator(): block: [3,0,0], thread: [53,0,0] Assertion `idx_dim >= 0 && idx_dim < index_size && "index out of bounds"` failed.
../aten/src/ATen/native/cuda/ScatterGatherKernel.cu:144: operator(): block: [3,0,0], thread: [54,0,0] Assertion `idx_dim >= 0 && idx_dim < index_size && "index out of bounds"` failed.
../aten/src/ATen/native/cuda/ScatterGatherKernel.cu:144: operator(): block: [3,0,0], thread: [55,0,0] Assertion `idx_dim >= 0 && idx_dim < index_size && "index out of bounds"` failed.
../aten/src/ATen/native/cuda/ScatterGatherKernel.cu:144: operator(): block: [3,0,0], thread: [56,0,0] Assertion `idx_dim >= 0 && idx_dim < index_size && "index out of bounds"` failed.
../aten/src/ATen/native/cuda/ScatterGatherKernel.cu:144: operator(): block: [3,0,0], thread: [57,0,0] Assertion `idx_dim >= 0 && idx_dim < index_size && "index out of bounds"` failed.
../aten/src/ATen/native/cuda/ScatterGatherKernel.cu:144: operator(): block: [3,0,0], thread: [58,0,0] Assertion `idx_dim >= 0 && idx_dim < index_size && "index out of bounds"` failed.
../aten/src/ATen/native/cuda/ScatterGatherKernel.cu:144: operator(): block: [3,0,0], thread: [59,0,0] Assertion `idx_dim >= 0 && idx_dim < index_size && "index out of bounds"` failed.
../aten/src/ATen/native/cuda/ScatterGatherKernel.cu:144: operator(): block: [3,0,0], thread: [60,0,0] Assertion `idx_dim >= 0 && idx_dim < index_size && "index out of bounds"` failed.
../aten/src/ATen/native/cuda/ScatterGatherKernel.cu:144: operator(): block: [3,0,0], thread: [61,0,0] Assertion `idx_dim >= 0 && idx_dim < index_size && "index out of bounds"` failed.
../aten/src/ATen/native/cuda/ScatterGatherKernel.cu:144: operator(): block: [3,0,0], thread: [62,0,0] Assertion `idx_dim >= 0 && idx_dim < index_size && "index out of bounds"` failed.
../aten/src/ATen/native/cuda/ScatterGatherKernel.cu:144: operator(): block: [3,0,0], thread: [63,0,0] Assertion `idx_dim >= 0 && idx_dim < index_size && "index out of bounds"` failed.
mv: cannot stat 'lm_profiler_stacks.txt': No such file or directory
