mean of forward measurement times = 0.106535
std. dev of forward measurement times = 0.148278
mean of backward measurement times = 0.003476
std. dev of backward measurement times = 0.001453
-------------------------------------------------------  ------------  ------------  ------------  ------------  ------------  ------------  ------------  ------------  ------------  ------------  
                                                   Name    Self CPU %      Self CPU   CPU total %     CPU total  CPU time avg     Self CUDA   Self CUDA %    CUDA total  CUDA time avg    # of Calls  
-------------------------------------------------------  ------------  ------------  ------------  ------------  ------------  ------------  ------------  ------------  ------------  ------------  
                                          backward pass        28.77%      15.088ms        28.89%      15.153ms       5.051ms       0.000us         0.00%       3.000us       1.000us             3  
                                         optimizer pass         0.18%      95.000us        25.58%      13.417ms       4.472ms       0.000us         0.00%       2.438ms     812.667us             3  
                              Optimizer.step#AdamW.step         6.52%       3.421ms        25.40%      13.322ms       4.441ms       0.000us         0.00%       2.438ms     812.667us             3  
                                           forward pass         3.68%       1.932ms        15.84%       8.305ms       2.768ms       0.000us         0.00%       1.007ms     335.667us             3  
                                              aten::mul         6.48%       3.396ms        10.78%       5.653ms      10.241us       1.154ms        24.64%       1.263ms       2.288us           552  
                                       cudaLaunchKernel        10.63%       5.573ms        10.63%       5.573ms       3.220us     380.000us         8.11%     380.000us       0.220us          1731  
                                               aten::mm         3.57%       1.870ms         5.11%       2.679ms      22.897us       1.023ms        21.84%       1.103ms       9.427us           117  
                                              aten::add         2.81%       1.476ms         4.69%       2.459ms      10.246us     476.000us        10.16%     518.000us       2.158us           240  
                                           aten::matmul         0.50%     264.000us         4.58%       2.402ms      47.098us       0.000us         0.00%     609.000us      11.941us            51  
       autograd::engine::evaluate_function: MmBackward0         0.25%     130.000us         4.29%       2.248ms      57.641us       0.000us         0.00%     612.000us      15.692us            39  
                                            MmBackward0         0.60%     314.000us         3.93%       2.061ms      52.846us       0.000us         0.00%     591.000us      15.154us            39  
                                       aten::zeros_like         0.66%     347.000us         3.57%       1.873ms      16.430us       0.000us         0.00%     191.000us       1.675us           114  
                                       aten::pin_memory         0.04%      21.000us         3.57%       1.871ms     311.833us       0.000us         0.00%       0.000us       0.000us             6  
                                        aten::is_pinned         3.34%       1.749ms         3.36%       1.762ms     293.667us       0.000us         0.00%       0.000us       0.000us             6  
                                           aten::linear         0.37%     193.000us         3.29%       1.726ms      44.256us       0.000us         0.00%     459.000us      11.769us            39  
      autograd::engine::evaluate_function: MulBackward0         0.60%     317.000us         3.08%       1.614ms      38.429us       0.000us         0.00%     279.000us       6.643us            42  
                                              aten::pow         1.85%     971.000us         2.76%       1.450ms      13.426us     193.000us         4.12%     236.000us       2.185us           108  
                                              aten::div         1.80%     946.000us         2.63%       1.378ms      10.937us     269.000us         5.74%     297.000us       2.357us           126  
                                          aten::reshape         0.61%     321.000us         2.27%       1.190ms       5.749us       0.000us         0.00%      85.000us       0.411us           207  
                                            aten::zero_         0.49%     259.000us         2.08%       1.093ms       8.280us       0.000us         0.00%     229.000us       1.735us           132  
                                            aten::clone         0.35%     186.000us         2.05%       1.074ms      17.900us       0.000us         0.00%     109.000us       1.817us            60  
                                       aten::empty_like         0.57%     299.000us         1.96%       1.030ms       5.819us       0.000us         0.00%       0.000us       0.000us           177  
                                             cudaMalloc         1.95%       1.024ms         1.95%       1.024ms     113.778us       0.000us         0.00%       2.000us       0.222us             9  
                                            aten::fill_         0.86%     450.000us         1.76%     925.000us       6.560us     214.000us         4.57%     243.000us       1.723us           141  
                                            aten::copy_         0.80%     419.000us         1.73%     906.000us       9.742us     129.000us         2.75%     137.000us       1.473us            93  
      autograd::engine::evaluate_function: PowBackward0         0.22%     115.000us         1.61%     845.000us      56.333us       0.000us         0.00%      80.000us       5.333us            15  
                                              aten::bmm         1.18%     620.000us         1.57%     823.000us      22.861us     224.000us         4.78%     230.000us       6.389us            36  
                                           MulBackward0         0.25%     129.000us         1.56%     818.000us      19.476us       0.000us         0.00%     124.000us       2.952us            42  
                                       loss computation         0.60%     316.000us         1.50%     787.000us     262.333us       0.000us         0.00%      58.000us      19.333us             3  
                                              aten::sum         1.09%     569.000us         1.48%     778.000us      12.349us     204.000us         4.36%     219.000us       3.476us            63  
     autograd::engine::evaluate_function: ViewBackward0         0.38%     198.000us         1.44%     756.000us      10.957us       0.000us         0.00%      36.000us       0.522us            69  
      autograd::engine::evaluate_function: BmmBackward0         0.09%      45.000us         1.35%     709.000us      59.083us       0.000us         0.00%     148.000us      12.333us            12  
                                             aten::sub_         0.79%     413.000us         1.35%     709.000us       6.219us     304.000us         6.49%     324.000us       2.842us           114  
                                           aten::square         0.28%     145.000us         1.31%     687.000us      12.053us       0.000us         0.00%     135.000us       2.368us            57  
    autograd::engine::evaluate_function: RsqrtBackward0         0.11%      58.000us         1.27%     666.000us      44.400us       0.000us         0.00%      66.000us       4.400us            15  
      autograd::engine::evaluate_function: DivBackward0         0.12%      61.000us         1.24%     650.000us      36.111us       0.000us         0.00%      90.000us       5.000us            18  
                                           BmmBackward0         0.20%     103.000us         1.23%     646.000us      53.833us       0.000us         0.00%     144.000us      12.000us            12  
                                           PowBackward0         0.14%      72.000us         1.21%     633.000us      42.200us       0.000us         0.00%      55.000us       3.667us            15  
autograd::engine::evaluate_function: UnsafeViewBackw...         0.28%     149.000us         1.16%     610.000us       8.841us       0.000us         0.00%      25.000us       0.362us            69  
                                         RsqrtBackward0         0.14%      76.000us         1.16%     608.000us      40.533us       0.000us         0.00%      66.000us       4.400us            15  
                                    aten::empty_strided         0.91%     477.000us         1.10%     579.000us       4.488us       0.000us         0.00%       0.000us       0.000us           129  
                                      aten::masked_fill         0.19%     102.000us         1.06%     557.000us      46.417us       0.000us         0.00%      43.000us       3.583us            12  
                                             aten::sqrt         0.62%     323.000us         1.03%     538.000us       9.439us     131.000us         2.80%     153.000us       2.684us            57  
      autograd::engine::evaluate_function: MaxBackward0         0.13%      70.000us         1.00%     522.000us      58.000us       0.000us         0.00%      43.000us       4.778us             9  
                                                aten::t         0.55%     291.000us         0.98%     516.000us       2.646us       0.000us         0.00%       0.000us       0.000us           195  
      autograd::engine::evaluate_function: SubBackward0         0.22%     113.000us         0.98%     514.000us      34.267us       0.000us         0.00%      60.000us       4.000us            15  
                                           DivBackward0         0.18%      92.000us         0.93%     489.000us      27.167us       0.000us         0.00%      65.000us       3.611us            18  
                                    cudaLaunchKernelExC         0.89%     465.000us         0.89%     465.000us       3.444us      11.000us         0.23%      11.000us       0.081us           135  
                                        aten::transpose         0.75%     392.000us         0.83%     434.000us       1.556us       0.000us         0.00%       0.000us       0.000us           279  
                                    UnsafeViewBackward0         0.24%     124.000us         0.81%     425.000us       6.159us       0.000us         0.00%      23.000us       0.333us            69  
-------------------------------------------------------  ------------  ------------  ------------  ------------  ------------  ------------  ------------  ------------  ------------  ------------  
Self CPU time total: 52.442ms
Self CUDA time total: 4.684ms

