mean of forward measurement times = 0.108758
std. dev of forward measurement times = 0.151425
mean of backward measurement times = 0.003445
std. dev of backward measurement times = 0.001444
-------------------------------------------------------  ------------  ------------  ------------  ------------  ------------  ------------  ------------  ------------  ------------  ------------  
                                                   Name    Self CPU %      Self CPU   CPU total %     CPU total  CPU time avg     Self CUDA   Self CUDA %    CUDA total  CUDA time avg    # of Calls  
-------------------------------------------------------  ------------  ------------  ------------  ------------  ------------  ------------  ------------  ------------  ------------  ------------  
                                          backward pass        28.65%      15.087ms        28.78%      15.153ms       5.051ms       0.000us         0.00%       3.000us       1.000us             3  
                                         optimizer pass         0.19%     101.000us        25.77%      13.570ms       4.523ms       0.000us         0.00%       2.433ms     811.000us             3  
                              Optimizer.step#AdamW.step         6.31%       3.323ms        25.58%      13.469ms       4.490ms       0.000us         0.00%       2.433ms     811.000us             3  
                                           forward pass         3.81%       2.008ms        15.91%       8.376ms       2.792ms       0.000us         0.00%       1.004ms     334.667us             3  
                                              aten::mul         6.54%       3.445ms        10.82%       5.700ms      10.383us       1.148ms        24.53%       1.255ms       2.286us           549  
                                       cudaLaunchKernel        10.39%       5.470ms        10.39%       5.470ms       3.160us     377.000us         8.06%     379.000us       0.219us          1731  
                                               aten::mm         3.55%       1.867ms         5.08%       2.673ms      22.846us       1.020ms        21.79%       1.100ms       9.402us           117  
                                              aten::add         2.84%       1.494ms         4.70%       2.474ms      10.308us     473.000us        10.11%     515.000us       2.146us           240  
                                           aten::matmul         0.54%     282.000us         4.56%       2.403ms      47.118us       0.000us         0.00%     607.000us      11.902us            51  
       autograd::engine::evaluate_function: MmBackward0         0.32%     166.000us         4.23%       2.230ms      57.179us       0.000us         0.00%     611.000us      15.667us            39  
                                            MmBackward0         0.52%     273.000us         3.89%       2.048ms      52.513us       0.000us         0.00%     599.000us      15.359us            39  
                                       aten::zeros_like         0.73%     384.000us         3.61%       1.903ms      16.693us       0.000us         0.00%     187.000us       1.640us           114  
                                       aten::pin_memory         0.04%      23.000us         3.61%       1.899ms     316.500us       0.000us         0.00%       0.000us       0.000us             6  
                                        aten::is_pinned         3.37%       1.773ms         3.39%       1.784ms     297.333us       0.000us         0.00%       0.000us       0.000us             6  
                                           aten::linear         0.26%     137.000us         3.28%       1.729ms      44.333us       0.000us         0.00%     479.000us      12.282us            39  
      autograd::engine::evaluate_function: MulBackward0         0.63%     332.000us         3.08%       1.620ms      38.571us       0.000us         0.00%     278.000us       6.619us            42  
                                              aten::pow         1.87%     987.000us         2.78%       1.466ms      13.574us     194.000us         4.15%     237.000us       2.194us           108  
                                              aten::div         1.85%     975.000us         2.64%       1.392ms      11.048us     270.000us         5.77%     298.000us       2.365us           126  
                                          aten::reshape         0.65%     341.000us         2.26%       1.191ms       5.754us       0.000us         0.00%      85.000us       0.411us           207  
                                            aten::clone         0.34%     179.000us         2.05%       1.080ms      18.000us       0.000us         0.00%     112.000us       1.867us            60  
                                       aten::empty_like         0.62%     324.000us         2.05%       1.078ms       6.090us       0.000us         0.00%       0.000us       0.000us           177  
                                            aten::zero_         0.44%     232.000us         2.04%       1.072ms       8.121us       0.000us         0.00%     234.000us       1.773us           132  
                                             cudaMalloc         2.01%       1.060ms         2.01%       1.060ms     117.778us       0.000us         0.00%       0.000us       0.000us             9  
                                            aten::fill_         0.89%     467.000us         1.75%     924.000us       6.553us     215.000us         4.59%     244.000us       1.730us           141  
                                            aten::copy_         0.81%     426.000us         1.74%     916.000us       9.849us     129.000us         2.76%     137.000us       1.473us            93  
      autograd::engine::evaluate_function: PowBackward0         0.22%     117.000us         1.61%     849.000us      56.600us       0.000us         0.00%      80.000us       5.333us            15  
                                           MulBackward0         0.22%     115.000us         1.56%     821.000us      19.548us       0.000us         0.00%     129.000us       3.071us            42  
                                              aten::bmm         1.15%     608.000us         1.52%     801.000us      22.250us     224.000us         4.79%     230.000us       6.389us            36  
                                              aten::sum         1.11%     586.000us         1.51%     795.000us      12.619us     203.000us         4.34%     218.000us       3.460us            63  
                                       loss computation         0.59%     312.000us         1.49%     783.000us     261.000us       0.000us         0.00%      58.000us      19.333us             3  
     autograd::engine::evaluate_function: ViewBackward0         0.38%     202.000us         1.44%     760.000us      11.014us       0.000us         0.00%      36.000us       0.522us            69  
                                             aten::sub_         0.78%     410.000us         1.37%     719.000us       6.307us     304.000us         6.50%     324.000us       2.842us           114  
      autograd::engine::evaluate_function: BmmBackward0         0.06%      32.000us         1.32%     695.000us      57.917us       0.000us         0.00%     148.000us      12.333us            12  
                                           aten::square         0.37%     193.000us         1.31%     688.000us      12.070us       0.000us         0.00%     131.000us       2.298us            57  
    autograd::engine::evaluate_function: RsqrtBackward0         0.10%      55.000us         1.26%     664.000us      44.267us       0.000us         0.00%      66.000us       4.400us            15  
      autograd::engine::evaluate_function: DivBackward0         0.14%      74.000us         1.25%     660.000us      36.667us       0.000us         0.00%      90.000us       5.000us            18  
                                           PowBackward0         0.13%      70.000us         1.21%     637.000us      42.467us       0.000us         0.00%      55.000us       3.667us            15  
autograd::engine::evaluate_function: UnsafeViewBackw...         0.37%     194.000us         1.19%     629.000us       9.116us       0.000us         0.00%      25.000us       0.362us            69  
                                           BmmBackward0         0.23%     119.000us         1.19%     625.000us      52.083us       0.000us         0.00%     131.000us      10.917us            12  
                                         RsqrtBackward0         0.16%      84.000us         1.16%     609.000us      40.600us       0.000us         0.00%      66.000us       4.400us            15  
                                    aten::empty_strided         0.95%     498.000us         1.15%     606.000us       4.698us       0.000us         0.00%       0.000us       0.000us           129  
                                                aten::t         0.61%     320.000us         1.07%     563.000us       2.887us       0.000us         0.00%       0.000us       0.000us           195  
                                             aten::sqrt         0.66%     345.000us         1.05%     554.000us       9.719us     137.000us         2.93%     158.000us       2.772us            57  
                                      aten::masked_fill         0.17%      90.000us         1.05%     553.000us      46.083us       0.000us         0.00%      43.000us       3.583us            12  
      autograd::engine::evaluate_function: SubBackward0         0.21%     109.000us         0.96%     507.000us      33.800us       0.000us         0.00%      60.000us       4.000us            15  
                                           DivBackward0         0.16%      86.000us         0.94%     493.000us      27.389us       0.000us         0.00%      70.000us       3.889us            18  
      autograd::engine::evaluate_function: MaxBackward0         0.13%      68.000us         0.93%     489.000us      54.333us       0.000us         0.00%      43.000us       4.778us             9  
                                    cudaLaunchKernelExC         0.87%     458.000us         0.87%     458.000us       3.393us      11.000us         0.24%      11.000us       0.081us           135  
                                        aten::transpose         0.78%     410.000us         0.85%     449.000us       1.609us       0.000us         0.00%       0.000us       0.000us           279  
                                    UnsafeViewBackward0         0.17%      91.000us         0.81%     429.000us       6.217us       0.000us         0.00%      25.000us       0.362us            69  
-------------------------------------------------------  ------------  ------------  ------------  ------------  ------------  ------------  ------------  ------------  ------------  ------------  
Self CPU time total: 52.658ms
Self CUDA time total: 4.680ms

