mean of forward measurement times = 0.107409
std. dev of forward measurement times = 0.149464
mean of backward measurement times = 0.003508
std. dev of backward measurement times = 0.001511
-------------------------------------------------------  ------------  ------------  ------------  ------------  ------------  ------------  ------------  ------------  ------------  ------------  
                                                   Name    Self CPU %      Self CPU   CPU total %     CPU total  CPU time avg     Self CUDA   Self CUDA %    CUDA total  CUDA time avg    # of Calls  
-------------------------------------------------------  ------------  ------------  ------------  ------------  ------------  ------------  ------------  ------------  ------------  ------------  
                                         optimizer pass         0.29%     113.000us        37.19%      14.263ms       4.754ms       0.000us         0.00%       2.458ms     819.333us             3  
                              Optimizer.step#AdamW.step         8.99%       3.448ms        36.89%      14.150ms       4.717ms       0.000us         0.00%       2.458ms     819.333us             3  
                                           forward pass         5.13%       1.968ms        22.17%       8.502ms       2.834ms       0.000us         0.00%       1.024ms     341.333us             3  
                                              aten::mul         9.19%       3.525ms        15.08%       5.784ms      10.478us       1.151ms        24.41%       1.250ms       2.264us           552  
                                       cudaLaunchKernel        14.84%       5.691ms        14.84%       5.691ms       3.288us     366.000us         7.76%     366.000us       0.211us          1731  
                                              aten::add         3.83%       1.470ms         8.30%       3.183ms      13.262us     473.000us        10.03%     507.000us       2.112us           240  
                                               aten::mm         4.95%       1.899ms         7.08%       2.714ms      23.197us       1.022ms        21.68%       1.091ms       9.325us           117  
                                           aten::matmul         0.74%     282.000us         6.34%       2.433ms      47.706us       0.000us         0.00%     614.000us      12.039us            51  
       autograd::engine::evaluate_function: MmBackward0         0.44%     170.000us         5.84%       2.240ms      57.436us       0.000us         0.00%     598.000us      15.333us            39  
                                            MmBackward0         0.69%     263.000us         5.36%       2.054ms      52.667us       0.000us         0.00%     590.000us      15.128us            39  
                                       aten::pin_memory         0.07%      25.000us         4.92%       1.888ms     314.667us       0.000us         0.00%       0.000us       0.000us             6  
                                       aten::zeros_like         0.86%     328.000us         4.76%       1.825ms      16.009us       0.000us         0.00%     191.000us       1.675us           114  
                                        aten::is_pinned         4.56%       1.750ms         4.60%       1.764ms     294.000us       0.000us         0.00%       0.000us       0.000us             6  
                                           aten::linear         0.60%     230.000us         4.56%       1.749ms      44.846us       0.000us         0.00%     442.000us      11.333us            39  
                                             cudaMalloc         4.45%       1.708ms         4.45%       1.708ms     189.778us       0.000us         0.00%       2.000us       0.222us             9  
      autograd::engine::evaluate_function: MulBackward0         0.69%     265.000us         4.26%       1.635ms      38.929us       0.000us         0.00%     270.000us       6.429us            42  
                                              aten::pow         2.51%     962.000us         3.79%       1.452ms      13.444us     193.000us         4.09%     240.000us       2.222us           108  
                                              aten::div         2.49%     955.000us         3.60%       1.381ms      10.960us     276.000us         5.85%     312.000us       2.476us           126  
                                          aten::reshape         0.88%     336.000us         3.06%       1.175ms       5.676us       0.000us         0.00%      85.000us       0.411us           207  
                                            aten::zero_         0.60%     231.000us         2.75%       1.056ms       8.000us       0.000us         0.00%     229.000us       1.735us           132  
                                            aten::clone         0.50%     191.000us         2.73%       1.047ms      17.450us       0.000us         0.00%     110.000us       1.833us            60  
                                       aten::empty_like         0.70%     269.000us         2.59%     993.000us       5.610us       0.000us         0.00%       0.000us       0.000us           177  
                                            aten::fill_         1.17%     449.000us         2.38%     913.000us       6.475us     213.000us         4.52%     239.000us       1.695us           141  
                                            aten::copy_         1.09%     418.000us         2.37%     910.000us       9.785us     129.000us         2.74%     138.000us       1.484us            93  
      autograd::engine::evaluate_function: PowBackward0         0.30%     115.000us         2.16%     830.000us      55.333us       0.000us         0.00%      80.000us       5.333us            15  
                                           MulBackward0         0.48%     185.000us         2.16%     827.000us      19.690us       0.000us         0.00%     110.000us       2.619us            42  
                                              aten::bmm         1.64%     630.000us         2.15%     826.000us      22.944us     230.000us         4.88%     238.000us       6.611us            36  
                                              aten::sum         1.55%     596.000us         2.13%     817.000us      12.968us     208.000us         4.41%     222.000us       3.524us            63  
                                       loss computation         0.85%     325.000us         2.06%     791.000us     263.667us       0.000us         0.00%      62.000us      20.667us             3  
     autograd::engine::evaluate_function: ViewBackward0         0.49%     188.000us         1.97%     756.000us      10.957us       0.000us         0.00%      37.000us       0.536us            69  
                                             aten::sub_         1.01%     388.000us         1.90%     728.000us       6.386us     304.000us         6.45%     341.000us       2.991us           114  
      autograd::engine::evaluate_function: BmmBackward0         0.17%      66.000us         1.88%     720.000us      60.000us       0.000us         0.00%     153.000us      12.750us            12  
    autograd::engine::evaluate_function: RsqrtBackward0         0.15%      56.000us         1.75%     671.000us      44.733us       0.000us         0.00%      63.000us       4.200us            15  
                                           aten::square         0.34%     131.000us         1.74%     669.000us      11.737us       0.000us         0.00%     148.000us       2.596us            57  
                                           BmmBackward0         0.24%      92.000us         1.71%     654.000us      54.500us       0.000us         0.00%     153.000us      12.750us            12  
      autograd::engine::evaluate_function: DivBackward0         0.19%      74.000us         1.68%     644.000us      35.778us       0.000us         0.00%      92.000us       5.111us            18  
                                           PowBackward0         0.17%      64.000us         1.61%     619.000us      41.267us       0.000us         0.00%      52.000us       3.467us            15  
                                         RsqrtBackward0         0.17%      65.000us         1.60%     615.000us      41.000us       0.000us         0.00%      63.000us       4.200us            15  
autograd::engine::evaluate_function: UnsafeViewBackw...         0.34%     131.000us         1.56%     600.000us       8.696us       0.000us         0.00%      24.000us       0.348us            69  
                                    aten::empty_strided         1.25%     479.000us         1.53%     586.000us       4.543us       0.000us         0.00%       0.000us       0.000us           129  
                                             aten::sqrt         0.88%     338.000us         1.44%     553.000us       9.702us     135.000us         2.86%     148.000us       2.596us            57  
                                      aten::masked_fill         0.24%      92.000us         1.41%     542.000us      45.167us       0.000us         0.00%      46.000us       3.833us            12  
                                                aten::t         0.79%     303.000us         1.33%     511.000us       2.621us       0.000us         0.00%       0.000us       0.000us           195  
      autograd::engine::evaluate_function: SubBackward0         0.28%     108.000us         1.33%     510.000us      34.000us       0.000us         0.00%      62.000us       4.133us            15  
      autograd::engine::evaluate_function: MaxBackward0         0.18%      70.000us         1.28%     492.000us      54.667us       0.000us         0.00%      39.000us       4.333us             9  
                                           DivBackward0         0.19%      74.000us         1.27%     486.000us      27.000us       0.000us         0.00%      72.000us       4.000us            18  
                                    cudaLaunchKernelExC         1.17%     450.000us         1.17%     450.000us       3.333us      17.000us         0.36%      17.000us       0.126us           135  
                                        aten::transpose         1.05%     401.000us         1.13%     434.000us       1.556us       0.000us         0.00%       0.000us       0.000us           279  
                                          ViewBackward0         0.36%     137.000us         1.10%     421.000us       6.101us       0.000us         0.00%      23.000us       0.333us            69  
                                             aten::add_         0.59%     226.000us         1.08%     413.000us       6.883us      66.000us         1.40%      87.000us       1.450us            60  
-------------------------------------------------------  ------------  ------------  ------------  ------------  ------------  ------------  ------------  ------------  ------------  ------------  
Self CPU time total: 38.353ms
Self CUDA time total: 4.715ms

