mean of forward measurement times = 0.116467
std. dev of forward measurement times = 0.162286
mean of backward measurement times = 0.003457
std. dev of backward measurement times = 0.001450
-------------------------------------------------------  ------------  ------------  ------------  ------------  ------------  ------------  ------------  ------------  ------------  ------------  
                                                   Name    Self CPU %      Self CPU   CPU total %     CPU total  CPU time avg     Self CUDA   Self CUDA %    CUDA total  CUDA time avg    # of Calls  
-------------------------------------------------------  ------------  ------------  ------------  ------------  ------------  ------------  ------------  ------------  ------------  ------------  
                                          backward pass        27.98%      15.043ms        28.10%      15.106ms       5.035ms       0.000us         0.00%       3.000us       1.000us             3  
                                         optimizer pass         0.18%      97.000us        27.48%      14.777ms       4.926ms       0.000us         0.00%       2.436ms     812.000us             3  
                              Optimizer.step#AdamW.step         6.25%       3.361ms        27.30%      14.680ms       4.893ms       0.000us         0.00%       2.436ms     812.000us             3  
                                           forward pass         3.61%       1.940ms        15.55%       8.362ms       2.787ms       0.000us         0.00%       1.007ms     335.667us             3  
                                              aten::mul         6.52%       3.507ms        10.68%       5.741ms      10.457us       1.150ms        24.56%       1.258ms       2.291us           549  
                                       cudaLaunchKernel        10.49%       5.642ms        10.49%       5.642ms       3.259us     377.000us         8.05%     377.000us       0.218us          1731  
                                              aten::add         2.72%       1.464ms         7.06%       3.797ms      15.821us     474.000us        10.12%     516.000us       2.150us           240  
                                               aten::mm         3.50%       1.880ms         4.97%       2.672ms      22.838us       1.019ms        21.76%       1.097ms       9.376us           117  
                                           aten::matmul         0.54%     288.000us         4.49%       2.416ms      47.373us       0.000us         0.00%     608.000us      11.922us            51  
                                             cudaMalloc         4.32%       2.322ms         4.32%       2.322ms     258.000us       0.000us         0.00%       0.000us       0.000us             9  
       autograd::engine::evaluate_function: MmBackward0         0.22%     119.000us         4.12%       2.217ms      56.846us       0.000us         0.00%     607.000us      15.564us            39  
                                            MmBackward0         0.58%     310.000us         3.79%       2.038ms      52.256us       0.000us         0.00%     574.000us      14.718us            39  
                                       aten::pin_memory         0.05%      28.000us         3.51%       1.885ms     314.167us       0.000us         0.00%       0.000us       0.000us             6  
                                       aten::zeros_like         0.64%     343.000us         3.42%       1.841ms      16.149us       0.000us         0.00%     193.000us       1.693us           114  
                                        aten::is_pinned         3.27%       1.760ms         3.30%       1.773ms     295.500us       0.000us         0.00%       0.000us       0.000us             6  
                                           aten::linear         0.38%     204.000us         3.19%       1.716ms      44.000us       0.000us         0.00%     462.000us      11.846us            39  
      autograd::engine::evaluate_function: MulBackward0         0.59%     319.000us         3.07%       1.648ms      39.238us       0.000us         0.00%     277.000us       6.595us            42  
                                              aten::pow         1.84%     988.000us         2.75%       1.477ms      13.676us     194.000us         4.14%     237.000us       2.194us           108  
                                              aten::div         1.83%     985.000us         2.61%       1.404ms      11.143us     269.000us         5.75%     296.000us       2.349us           126  
                                          aten::reshape         0.56%     300.000us         2.17%       1.169ms       5.647us       0.000us         0.00%      85.000us       0.411us           207  
                                            aten::clone         0.39%     210.000us         2.01%       1.082ms      18.033us       0.000us         0.00%     101.000us       1.683us            60  
                                            aten::zero_         0.46%     247.000us         1.98%       1.067ms       8.083us       0.000us         0.00%     234.000us       1.773us           132  
                                       aten::empty_like         0.55%     297.000us         1.91%       1.028ms       5.808us       0.000us         0.00%       0.000us       0.000us           177  
                                            aten::copy_         0.80%     430.000us         1.75%     940.000us      10.108us     130.000us         2.78%     139.000us       1.495us            93  
                                            aten::fill_         0.80%     431.000us         1.69%     907.000us       6.433us     214.000us         4.57%     244.000us       1.730us           141  
      autograd::engine::evaluate_function: PowBackward0         0.22%     117.000us         1.62%     869.000us      57.933us       0.000us         0.00%      81.000us       5.400us            15  
                                           MulBackward0         0.25%     132.000us         1.53%     822.000us      19.571us       0.000us         0.00%     125.000us       2.976us            42  
                                              aten::bmm         1.15%     619.000us         1.51%     812.000us      22.556us     224.000us         4.78%     230.000us       6.389us            36  
                                              aten::sum         1.11%     595.000us         1.50%     808.000us      12.825us     206.000us         4.40%     221.000us       3.508us            63  
                                       loss computation         0.60%     320.000us         1.47%     788.000us     262.667us       0.000us         0.00%      58.000us      19.333us             3  
     autograd::engine::evaluate_function: ViewBackward0         0.33%     179.000us         1.41%     757.000us      10.971us       0.000us         0.00%      36.000us       0.522us            69  
                                             aten::sub_         0.71%     382.000us         1.36%     731.000us       6.412us     301.000us         6.43%     321.000us       2.816us           114  
      autograd::engine::evaluate_function: BmmBackward0         0.08%      43.000us         1.28%     690.000us      57.500us       0.000us         0.00%     148.000us      12.333us            12  
      autograd::engine::evaluate_function: DivBackward0         0.17%      89.000us         1.26%     675.000us      37.500us       0.000us         0.00%      91.000us       5.056us            18  
                                           aten::square         0.21%     112.000us         1.25%     673.000us      11.807us       0.000us         0.00%     140.000us       2.456us            57  
    autograd::engine::evaluate_function: RsqrtBackward0         0.10%      54.000us         1.24%     666.000us      44.400us       0.000us         0.00%      65.000us       4.333us            15  
                                           PowBackward0         0.13%      68.000us         1.22%     658.000us      43.867us       0.000us         0.00%      56.000us       3.733us            15  
                                           BmmBackward0         0.19%     103.000us         1.17%     629.000us      52.417us       0.000us         0.00%     134.000us      11.167us            12  
                                         RsqrtBackward0         0.15%      82.000us         1.14%     612.000us      40.800us       0.000us         0.00%      65.000us       4.333us            15  
autograd::engine::evaluate_function: UnsafeViewBackw...         0.31%     168.000us         1.11%     595.000us       8.623us       0.000us         0.00%      25.000us       0.362us            69  
                                    aten::empty_strided         0.92%     492.000us         1.10%     591.000us       4.581us       0.000us         0.00%       0.000us       0.000us           129  
                                      aten::masked_fill         0.12%      64.000us         1.03%     555.000us      46.250us       0.000us         0.00%      43.000us       3.583us            12  
                                             aten::sqrt         0.62%     334.000us         1.02%     546.000us       9.579us     137.000us         2.93%     159.000us       2.789us            57  
      autograd::engine::evaluate_function: SubBackward0         0.20%     110.000us         0.95%     511.000us      34.067us       0.000us         0.00%      62.000us       4.133us            15  
                                           DivBackward0         0.12%      65.000us         0.93%     502.000us      27.889us       0.000us         0.00%      73.000us       4.056us            18  
      autograd::engine::evaluate_function: MaxBackward0         0.06%      32.000us         0.92%     497.000us      55.222us       0.000us         0.00%      44.000us       4.889us             9  
                                                aten::t         0.57%     306.000us         0.91%     491.000us       2.518us       0.000us         0.00%       0.000us       0.000us           195  
                                    cudaLaunchKernelExC         0.82%     440.000us         0.82%     440.000us       3.259us      11.000us         0.23%      11.000us       0.081us           135  
                                          ViewBackward0         0.28%     152.000us         0.79%     426.000us       6.174us       0.000us         0.00%      20.000us       0.290us            69  
                                             aten::add_         0.42%     226.000us         0.79%     425.000us       7.083us      65.000us         1.39%      84.000us       1.400us            60  
-------------------------------------------------------  ------------  ------------  ------------  ------------  ------------  ------------  ------------  ------------  ------------  ------------  
Self CPU time total: 53.767ms
Self CUDA time total: 4.682ms

