########################################
data: 512K, backend: gloo, device: cpu
rank: 0 data (before all-reduce): tensor([7, 1, 6,  ..., 0, 7, 6])
rank: 0 data (after all-reduce): tensor([14,  1, 15,  ...,  4, 10, 15])
Mean time = 0.001914. std deviation = 0.000000
########################################
data: 512K, backend: gloo, device: cpu
rank: 1 data (before all-reduce): tensor([7, 0, 9,  ..., 4, 3, 9])
rank: 1 data (after all-reduce): tensor([14,  1, 15,  ...,  4, 10, 15])
Mean time = 0.001914. std deviation = 0.000000
########################################
data: 1M, backend: gloo, device: cpu
rank: 0 data (before all-reduce): tensor([2, 9, 1,  ..., 9, 4, 8])
rank: 0 data (after all-reduce): tensor([ 8, 18,  5,  ..., 12, 13, 11])
Mean time = 0.001839. std deviation = 0.000000
########################################
data: 1M, backend: gloo, device: cpu
rank: 1 data (before all-reduce): tensor([6, 9, 4,  ..., 3, 9, 3])
rank: 1 data (after all-reduce): tensor([ 8, 18,  5,  ..., 12, 13, 11])
Mean time = 0.001955. std deviation = 0.000000
########################################
data: 10M, backend: gloo, device: cpu
rank: 0 data (before all-reduce): tensor([6, 1, 4,  ..., 5, 1, 5])
rank: 0 data (after all-reduce): tensor([6, 1, 8,  ..., 5, 4, 7])
Mean time = 0.015934. std deviation = 0.000000
########################################
data: 10M, backend: gloo, device: cpu
rank: 1 data (before all-reduce): tensor([0, 0, 4,  ..., 0, 3, 2])
rank: 1 data (after all-reduce): tensor([6, 1, 8,  ..., 5, 4, 7])
Mean time = 0.017591. std deviation = 0.000000
########################################
data: 50M, backend: gloo, device: cpu
rank: 0 data (before all-reduce): tensor([5, 5, 4,  ..., 0, 5, 6])
rank: 0 data (after all-reduce): tensor([ 9,  9,  4,  ...,  4,  9, 11])
Mean time = 0.072364. std deviation = 0.000000
########################################
data: 50M, backend: gloo, device: cpu
rank: 1 data (before all-reduce): tensor([4, 4, 0,  ..., 4, 4, 5])
rank: 1 data (after all-reduce): tensor([ 9,  9,  4,  ...,  4,  9, 11])
Mean time = 0.070947. std deviation = 0.000000
########################################
data: 100M, backend: gloo, device: cpu
rank: 0 data (before all-reduce): tensor([8, 3, 4,  ..., 7, 4, 7])
rank: 0 data (after all-reduce): tensor([10, 11, 13,  ..., 13,  7, 12])
Mean time = 0.123447. std deviation = 0.000000
########################################
data: 100M, backend: gloo, device: cpu
rank: 1 data (before all-reduce): tensor([2, 8, 9,  ..., 6, 3, 5])
rank: 1 data (after all-reduce): tensor([10, 11, 13,  ..., 13,  7, 12])
Mean time = 0.130765. std deviation = 0.000000
########################################
data: 500M, backend: gloo, device: cpu
rank: 0 data (before all-reduce): tensor([0, 5, 6,  ..., 4, 5, 4])
rank: 0 data (after all-reduce): tensor([ 6,  5, 14,  ...,  7,  9, 11])
Mean time = 0.636531. std deviation = 0.000000
########################################
data: 500M, backend: gloo, device: cpu
rank: 1 data (before all-reduce): tensor([6, 0, 8,  ..., 3, 4, 7])
rank: 1 data (after all-reduce): tensor([ 6,  5, 14,  ...,  7,  9, 11])
Mean time = 0.630845. std deviation = 0.000000
########################################
data: 1G, backend: gloo, device: cpu
rank: 1 data (before all-reduce): tensor([0, 7, 4,  ..., 7, 8, 6])
rank: 1 data (after all-reduce): tensor([ 1,  7, 10,  ..., 15, 17,  6])
Mean time = 1.285631. std deviation = 0.000000
########################################
data: 1G, backend: gloo, device: cpu
rank: 0 data (before all-reduce): tensor([1, 0, 6,  ..., 8, 9, 0])
rank: 0 data (after all-reduce): tensor([ 1,  7, 10,  ..., 15, 17,  6])
Mean time = 1.305169. std deviation = 0.000000
########################################
data: 512K, backend: gloo, device: gpu
rank: 0 data (before all-reduce): tensor([0, 7, 4,  ..., 7, 6, 2], device='cuda:0')
rank: 0 data (after all-reduce): tensor([ 9,  7,  7,  ..., 12, 11, 11], device='cuda:0')
Mean time = 0.002746. std deviation = 0.000000
########################################
data: 512K, backend: gloo, device: gpu
rank: 1 data (before all-reduce): tensor([9, 0, 3,  ..., 5, 5, 9], device='cuda:1')
rank: 1 data (after all-reduce): tensor([ 9,  7,  7,  ..., 12, 11, 11], device='cuda:1')
Mean time = 0.001611. std deviation = 0.000000
########################################
data: 1M, backend: gloo, device: gpu
rank: 0 data (before all-reduce): tensor([7, 3, 9,  ..., 4, 1, 3], device='cuda:0')
rank: 0 data (after all-reduce): tensor([12,  6, 10,  ...,  4,  9, 12], device='cuda:0')
Mean time = 0.006310. std deviation = 0.000000
########################################
data: 1M, backend: gloo, device: gpu
rank: 1 data (before all-reduce): tensor([5, 3, 1,  ..., 0, 8, 9], device='cuda:1')
rank: 1 data (after all-reduce): tensor([12,  6, 10,  ...,  4,  9, 12], device='cuda:1')
Mean time = 0.003896. std deviation = 0.000000
########################################
data: 10M, backend: gloo, device: gpu
rank: 1 data (before all-reduce): tensor([9, 3, 4,  ..., 0, 4, 6], device='cuda:1')
rank: 1 data (after all-reduce): tensor([17,  5,  9,  ...,  2,  7,  8], device='cuda:1')
Mean time = 0.019236. std deviation = 0.000000
########################################
data: 10M, backend: gloo, device: gpu
rank: 0 data (before all-reduce): tensor([8, 2, 5,  ..., 2, 3, 2], device='cuda:0')
rank: 0 data (after all-reduce): tensor([17,  5,  9,  ...,  2,  7,  8], device='cuda:0')
Mean time = 0.024411. std deviation = 0.000000
########################################
data: 50M, backend: gloo, device: gpu
rank: 1 data (before all-reduce): tensor([2, 2, 5,  ..., 4, 6, 4], device='cuda:1')
rank: 1 data (after all-reduce): tensor([10, 10, 14,  ..., 13, 14, 12], device='cuda:1')
Mean time = 0.063229. std deviation = 0.000000
########################################
data: 50M, backend: gloo, device: gpu
rank: 0 data (before all-reduce): tensor([8, 8, 9,  ..., 9, 8, 8], device='cuda:0')
rank: 0 data (after all-reduce): tensor([10, 10, 14,  ..., 13, 14, 12], device='cuda:0')
Mean time = 0.077961. std deviation = 0.000000
########################################
data: 100M, backend: gloo, device: gpu
rank: 1 data (before all-reduce): tensor([8, 7, 5,  ..., 7, 2, 9], device='cuda:1')
rank: 1 data (after all-reduce): tensor([13, 11, 12,  ..., 11,  2, 10], device='cuda:1')
Mean time = 0.143116. std deviation = 0.000000
########################################
data: 100M, backend: gloo, device: gpu
rank: 0 data (before all-reduce): tensor([5, 4, 7,  ..., 4, 0, 1], device='cuda:0')
rank: 0 data (after all-reduce): tensor([13, 11, 12,  ..., 11,  2, 10], device='cuda:0')
Mean time = 0.137525. std deviation = 0.000000
########################################
data: 500M, backend: gloo, device: gpu
rank: 0 data (before all-reduce): tensor([8, 2, 6,  ..., 5, 2, 3], device='cuda:0')
rank: 0 data (after all-reduce): tensor([15,  8, 11,  ...,  6,  8,  4], device='cuda:0')
Mean time = 0.690403. std deviation = 0.000000
########################################
data: 500M, backend: gloo, device: gpu
rank: 1 data (before all-reduce): tensor([7, 6, 5,  ..., 1, 6, 1], device='cuda:1')
rank: 1 data (after all-reduce): tensor([15,  8, 11,  ...,  6,  8,  4], device='cuda:1')
Mean time = 0.690126. std deviation = 0.000000
########################################
data: 1G, backend: gloo, device: gpu
rank: 0 data (before all-reduce): tensor([1, 1, 3,  ..., 6, 3, 7], device='cuda:0')
rank: 0 data (after all-reduce): tensor([10,  8, 12,  ..., 13, 11, 11], device='cuda:0')
Mean time = 1.343824. std deviation = 0.000000
########################################
data: 1G, backend: gloo, device: gpu
rank: 1 data (before all-reduce): tensor([9, 7, 9,  ..., 7, 8, 4], device='cuda:1')
rank: 1 data (after all-reduce): tensor([10,  8, 12,  ..., 13, 11, 11], device='cuda:1')
Mean time = 1.338531. std deviation = 0.000000
########################################
data: 512K, backend: nccl, device: gpu
rank: 1 data (before all-reduce): tensor([2, 8, 9,  ..., 8, 3, 8], device='cuda:1')
rank: 1 data (after all-reduce): tensor([ 4, 10, 18,  ...,  8,  3, 12], device='cuda:1')
Mean time = 0.000397. std deviation = 0.000000
########################################
data: 512K, backend: nccl, device: gpu
rank: 0 data (before all-reduce): tensor([2, 2, 9,  ..., 0, 0, 4], device='cuda:0')
rank: 0 data (after all-reduce): tensor([ 4, 10, 18,  ...,  8,  3, 12], device='cuda:0')
Mean time = 0.000207. std deviation = 0.000000
########################################
data: 1M, backend: nccl, device: gpu
rank: 1 data (before all-reduce): tensor([6, 4, 9,  ..., 0, 0, 1], device='cuda:1')
rank: 1 data (after all-reduce): tensor([10,  4, 10,  ...,  2,  0,  8], device='cuda:1')
Mean time = 0.000246. std deviation = 0.000000
########################################
data: 1M, backend: nccl, device: gpu
rank: 0 data (before all-reduce): tensor([4, 0, 1,  ..., 2, 0, 7], device='cuda:0')
rank: 0 data (after all-reduce): tensor([10,  4, 10,  ...,  2,  0,  8], device='cuda:0')
Mean time = 0.000221. std deviation = 0.000000
########################################
data: 10M, backend: nccl, device: gpu
rank: 0 data (before all-reduce): tensor([2, 6, 0,  ..., 9, 8, 6], device='cuda:0')
rank: 0 data (after all-reduce): tensor([ 9,  8,  6,  ...,  9, 17, 11], device='cuda:0')
Mean time = 0.000226. std deviation = 0.000000
########################################
data: 10M, backend: nccl, device: gpu
rank: 1 data (before all-reduce): tensor([7, 2, 6,  ..., 0, 9, 5], device='cuda:1')
rank: 1 data (after all-reduce): tensor([ 9,  8,  6,  ...,  9, 17, 11], device='cuda:1')
Mean time = 0.002200. std deviation = 0.000000
########################################
data: 50M, backend: nccl, device: gpu
rank: 1 data (before all-reduce): tensor([3, 9, 7,  ..., 8, 1, 1], device='cuda:1')
rank: 1 data (after all-reduce): tensor([12, 14, 12,  ...,  9,  3,  1], device='cuda:1')
Mean time = 0.000479. std deviation = 0.000000
########################################
data: 50M, backend: nccl, device: gpu
rank: 0 data (before all-reduce): tensor([9, 5, 5,  ..., 1, 2, 0], device='cuda:0')
rank: 0 data (after all-reduce): tensor([12, 14, 12,  ...,  9,  3,  1], device='cuda:0')
Mean time = 0.001333. std deviation = 0.000000
########################################
data: 100M, backend: nccl, device: gpu
rank: 0 data (before all-reduce): tensor([5, 0, 7,  ..., 6, 7, 5], device='cuda:0')
rank: 0 data (after all-reduce): tensor([12,  5,  7,  ..., 14, 12,  7], device='cuda:0')
Mean time = 0.000910. std deviation = 0.000000
########################################
data: 100M, backend: nccl, device: gpu
rank: 1 data (before all-reduce): tensor([7, 5, 0,  ..., 8, 5, 2], device='cuda:1')
rank: 1 data (after all-reduce): tensor([12,  5,  7,  ..., 14, 12,  7], device='cuda:1')
Mean time = 0.002713. std deviation = 0.000000
########################################
data: 500M, backend: nccl, device: gpu
rank: 1 data (before all-reduce): tensor([0, 4, 7,  ..., 8, 2, 0], device='cuda:1')
rank: 1 data (after all-reduce): tensor([ 0,  6,  9,  ..., 12,  4,  4], device='cuda:1')
Mean time = 0.003271. std deviation = 0.000000
########################################
data: 500M, backend: nccl, device: gpu
rank: 0 data (before all-reduce): tensor([0, 2, 2,  ..., 4, 2, 4], device='cuda:0')
rank: 0 data (after all-reduce): tensor([ 0,  6,  9,  ..., 12,  4,  4], device='cuda:0')
Mean time = 0.003231. std deviation = 0.000000
########################################
data: 1G, backend: nccl, device: gpu
rank: 0 data (before all-reduce): tensor([9, 1, 5,  ..., 3, 7, 7], device='cuda:0')
rank: 0 data (after all-reduce): tensor([13,  3,  7,  ..., 11, 15,  8], device='cuda:0')
Mean time = 0.006287. std deviation = 0.000000
########################################
data: 1G, backend: nccl, device: gpu
rank: 1 data (before all-reduce): tensor([4, 2, 2,  ..., 8, 8, 1], device='cuda:1')
rank: 1 data (after all-reduce): tensor([13,  3,  7,  ..., 11, 15,  8], device='cuda:1')
Mean time = 0.006287. std deviation = 0.000000
